[ 2016-10-08T10:01:05+08:00 ] 127.0.0.1 /home/p
INFO: [ app_init ] --START--
INFO: Run Behavior\BuildLiteBehavior [ RunTime:0.000000s ]
INFO: [ app_init ] --END-- [ RunTime:0.013001s ]
INFO: [ app_begin ] --START--
INFO: Run Behavior\ReadHtmlCacheBehavior [ RunTime:0.009001s ]
INFO: [ app_begin ] --END-- [ RunTime:0.010001s ]
ERR: 无法加载控制器:P

[ 2016-10-08T10:01:20+08:00 ] 127.0.0.1 /home/index/p
INFO: [ app_init ] --START--
INFO: Run Behavior\BuildLiteBehavior [ RunTime:0.000000s ]
INFO: [ app_init ] --END-- [ RunTime:0.001000s ]
INFO: [ app_begin ] --START--
INFO: Run Behavior\ReadHtmlCacheBehavior [ RunTime:0.000000s ]
INFO: [ app_begin ] --END-- [ RunTime:0.000000s ]
NOTIC: [2048] Declaration of Home\Controller\IndexController::show() should be compatible with Think\Controller::show($content, $charset = '', $contentType = '', $prefix = '') E:\wamp\www\ceshi\App\Home\Controller\IndexController.class.php 第 6 行.
SQL: SHOW COLUMNS FROM `ly` [ RunTime:0.0220s ]
ERR: 1054:Unknown column 'status' in 'where clause'
 [ SQL语句 ] : SELECT COUNT(*) AS tp_count FROM `ly` WHERE ( status=1 ) LIMIT 1  
ERR: 1054:Unknown column 'status' in 'where clause'
 [ SQL语句 ] : SELECT COUNT(*) AS tp_count FROM `ly` WHERE ( status=1 ) LIMIT 1  

[ 2016-10-08T10:01:40+08:00 ] 127.0.0.1 /home/index/p
INFO: [ app_init ] --START--
INFO: Run Behavior\BuildLiteBehavior [ RunTime:0.000000s ]
INFO: [ app_init ] --END-- [ RunTime:0.001000s ]
INFO: [ app_begin ] --START--
INFO: Run Behavior\ReadHtmlCacheBehavior [ RunTime:0.001001s ]
INFO: [ app_begin ] --END-- [ RunTime:0.001001s ]
NOTIC: [2048] Declaration of Home\Controller\IndexController::show() should be compatible with Think\Controller::show($content, $charset = '', $contentType = '', $prefix = '') E:\wamp\www\ceshi\App\Home\Controller\IndexController.class.php 第 6 行.
SQL: SHOW COLUMNS FROM `ly` [ RunTime:0.0040s ]
NOTIC: [8] Undefined variable: where E:\wamp\www\ceshi\App\Home\Controller\IndexController.class.php 第 43 行.
SQL: SELECT COUNT(*) AS tp_count FROM `ly` LIMIT 1   [ RunTime:0.0010s ]
NOTIC: [8] Undefined variable: where E:\wamp\www\ceshi\App\Home\Controller\IndexController.class.php 第 45 行.
SQL: SELECT `id`,`name`,`pwd` FROM `ly` ORDER BY id LIMIT 0,1   [ RunTime:0.0000s ]
ERR: 模板不存在:./App/Home/View/Index_p.html

[ 2016-10-08T10:03:06+08:00 ] 127.0.0.1 /home/index/p
INFO: [ app_init ] --START--
INFO: Run Behavior\BuildLiteBehavior [ RunTime:0.000000s ]
INFO: [ app_init ] --END-- [ RunTime:0.001000s ]
INFO: [ app_begin ] --START--
INFO: Run Behavior\ReadHtmlCacheBehavior [ RunTime:0.001000s ]
INFO: [ app_begin ] --END-- [ RunTime:0.001000s ]
NOTIC: [2048] Declaration of Home\Controller\IndexController::show() should be compatible with Think\Controller::show($content, $charset = '', $contentType = '', $prefix = '') E:\wamp\www\ceshi\App\Home\Controller\IndexController.class.php 第 6 行.
SQL: SHOW COLUMNS FROM `ly` [ RunTime:0.0030s ]
NOTIC: [8] Undefined variable: where E:\wamp\www\ceshi\App\Home\Controller\IndexController.class.php 第 43 行.
SQL: SELECT COUNT(*) AS tp_count FROM `ly` LIMIT 1   [ RunTime:0.0000s ]
NOTIC: [8] Undefined variable: where E:\wamp\www\ceshi\App\Home\Controller\IndexController.class.php 第 45 行.
SQL: SELECT `id`,`name`,`pwd` FROM `ly` ORDER BY id LIMIT 0,1   [ RunTime:0.0010s ]
INFO: [ view_parse ] --START--
INFO: [ template_filter ] --START--
INFO: Run Behavior\ContentReplaceBehavior [ RunTime:0.000000s ]
INFO: [ template_filter ] --END-- [ RunTime:0.000000s ]
INFO: Run Behavior\ParseTemplateBehavior [ RunTime:0.046003s ]
INFO: [ view_parse ] --END-- [ RunTime:0.047003s ]
INFO: [ view_filter ] --START--
INFO: Run Behavior\WriteHtmlCacheBehavior [ RunTime:0.005000s ]
INFO: [ view_filter ] --END-- [ RunTime:0.005000s ]
INFO: [ app_end ] --START--
INFO: Run Behavior\ShowPageTraceBehavior [ RunTime:0.002000s ]
INFO: [ app_end ] --END-- [ RunTime:0.002000s ]

[ 2016-10-08T10:03:09+08:00 ] 127.0.0.1 /index.php/Home/Index/p/p/2.html
INFO: [ app_init ] --START--
INFO: Run Behavior\BuildLiteBehavior [ RunTime:0.000000s ]
INFO: [ app_init ] --END-- [ RunTime:0.001000s ]
INFO: [ app_begin ] --START--
INFO: Run Behavior\ReadHtmlCacheBehavior [ RunTime:0.000000s ]
INFO: [ app_begin ] --END-- [ RunTime:0.000000s ]
NOTIC: [2048] Declaration of Home\Controller\IndexController::show() should be compatible with Think\Controller::show($content, $charset = '', $contentType = '', $prefix = '') E:\wamp\www\ceshi\App\Home\Controller\IndexController.class.php 第 6 行.
SQL: SHOW COLUMNS FROM `ly` [ RunTime:0.0030s ]
NOTIC: [8] Undefined variable: where E:\wamp\www\ceshi\App\Home\Controller\IndexController.class.php 第 43 行.
SQL: SELECT COUNT(*) AS tp_count FROM `ly` LIMIT 1   [ RunTime:0.0000s ]
NOTIC: [8] Undefined variable: where E:\wamp\www\ceshi\App\Home\Controller\IndexController.class.php 第 45 行.
SQL: SELECT `id`,`name`,`pwd` FROM `ly` ORDER BY id LIMIT 1,1   [ RunTime:0.0000s ]
INFO: [ view_parse ] --START--
INFO: [ template_filter ] --START--
INFO: Run Behavior\ContentReplaceBehavior [ RunTime:0.000000s ]
INFO: [ template_filter ] --END-- [ RunTime:0.000000s ]
INFO: Run Behavior\ParseTemplateBehavior [ RunTime:0.007000s ]
INFO: [ view_parse ] --END-- [ RunTime:0.007000s ]
INFO: [ view_filter ] --START--
INFO: Run Behavior\WriteHtmlCacheBehavior [ RunTime:0.001000s ]
INFO: [ view_filter ] --END-- [ RunTime:0.001000s ]
INFO: [ app_end ] --START--
INFO: Run Behavior\ShowPageTraceBehavior [ RunTime:0.001000s ]
INFO: [ app_end ] --END-- [ RunTime:0.001000s ]

[ 2016-10-08T10:03:10+08:00 ] 127.0.0.1 /index.php/Home/Index/p/p/3.html
INFO: [ app_init ] --START--
INFO: Run Behavior\BuildLiteBehavior [ RunTime:0.000000s ]
INFO: [ app_init ] --END-- [ RunTime:0.001000s ]
INFO: [ app_begin ] --START--
INFO: Run Behavior\ReadHtmlCacheBehavior [ RunTime:0.001000s ]
INFO: [ app_begin ] --END-- [ RunTime:0.002000s ]
NOTIC: [2048] Declaration of Home\Controller\IndexController::show() should be compatible with Think\Controller::show($content, $charset = '', $contentType = '', $prefix = '') E:\wamp\www\ceshi\App\Home\Controller\IndexController.class.php 第 6 行.
SQL: SHOW COLUMNS FROM `ly` [ RunTime:0.0020s ]
NOTIC: [8] Undefined variable: where E:\wamp\www\ceshi\App\Home\Controller\IndexController.class.php 第 43 行.
SQL: SELECT COUNT(*) AS tp_count FROM `ly` LIMIT 1   [ RunTime:0.0010s ]
NOTIC: [8] Undefined variable: where E:\wamp\www\ceshi\App\Home\Controller\IndexController.class.php 第 45 行.
SQL: SELECT `id`,`name`,`pwd` FROM `ly` ORDER BY id LIMIT 2,1   [ RunTime:0.0010s ]
INFO: [ view_parse ] --START--
INFO: [ template_filter ] --START--
INFO: Run Behavior\ContentReplaceBehavior [ RunTime:0.000000s ]
INFO: [ template_filter ] --END-- [ RunTime:0.000000s ]
INFO: Run Behavior\ParseTemplateBehavior [ RunTime:0.008001s ]
INFO: [ view_parse ] --END-- [ RunTime:0.008001s ]
INFO: [ view_filter ] --START--
INFO: Run Behavior\WriteHtmlCacheBehavior [ RunTime:0.000000s ]
INFO: [ view_filter ] --END-- [ RunTime:0.000000s ]
INFO: [ app_end ] --START--
INFO: Run Behavior\ShowPageTraceBehavior [ RunTime:0.000000s ]
INFO: [ app_end ] --END-- [ RunTime:0.000000s ]

[ 2016-10-08T10:03:11+08:00 ] 127.0.0.1 /index.php/Home/Index/p/p/4.html
INFO: [ app_init ] --START--
INFO: Run Behavior\BuildLiteBehavior [ RunTime:0.000000s ]
INFO: [ app_init ] --END-- [ RunTime:0.000000s ]
INFO: [ app_begin ] --START--
INFO: Run Behavior\ReadHtmlCacheBehavior [ RunTime:0.001000s ]
INFO: [ app_begin ] --END-- [ RunTime:0.002000s ]
NOTIC: [2048] Declaration of Home\Controller\IndexController::show() should be compatible with Think\Controller::show($content, $charset = '', $contentType = '', $prefix = '') E:\wamp\www\ceshi\App\Home\Controller\IndexController.class.php 第 6 行.
SQL: SHOW COLUMNS FROM `ly` [ RunTime:0.0020s ]
NOTIC: [8] Undefined variable: where E:\wamp\www\ceshi\App\Home\Controller\IndexController.class.php 第 43 行.
SQL: SELECT COUNT(*) AS tp_count FROM `ly` LIMIT 1   [ RunTime:0.0010s ]
NOTIC: [8] Undefined variable: where E:\wamp\www\ceshi\App\Home\Controller\IndexController.class.php 第 45 行.
SQL: SELECT `id`,`name`,`pwd` FROM `ly` ORDER BY id LIMIT 3,1   [ RunTime:0.0010s ]
INFO: [ view_parse ] --START--
INFO: [ template_filter ] --START--
INFO: Run Behavior\ContentReplaceBehavior [ RunTime:0.000000s ]
INFO: [ template_filter ] --END-- [ RunTime:0.000000s ]
INFO: Run Behavior\ParseTemplateBehavior [ RunTime:0.008000s ]
INFO: [ view_parse ] --END-- [ RunTime:0.008000s ]
INFO: [ view_filter ] --START--
INFO: Run Behavior\WriteHtmlCacheBehavior [ RunTime:0.001000s ]
INFO: [ view_filter ] --END-- [ RunTime:0.001000s ]
INFO: [ app_end ] --START--
INFO: Run Behavior\ShowPageTraceBehavior [ RunTime:0.000000s ]
INFO: [ app_end ] --END-- [ RunTime:0.001000s ]

[ 2016-10-08T10:03:11+08:00 ] 127.0.0.1 /index.php/Home/Index/p/p/5.html
INFO: [ app_init ] --START--
INFO: Run Behavior\BuildLiteBehavior [ RunTime:0.000000s ]
INFO: [ app_init ] --END-- [ RunTime:0.000000s ]
INFO: [ app_begin ] --START--
INFO: Run Behavior\ReadHtmlCacheBehavior [ RunTime:0.001000s ]
INFO: [ app_begin ] --END-- [ RunTime:0.001000s ]
NOTIC: [2048] Declaration of Home\Controller\IndexController::show() should be compatible with Think\Controller::show($content, $charset = '', $contentType = '', $prefix = '') E:\wamp\www\ceshi\App\Home\Controller\IndexController.class.php 第 6 行.
SQL: SHOW COLUMNS FROM `ly` [ RunTime:0.0030s ]
NOTIC: [8] Undefined variable: where E:\wamp\www\ceshi\App\Home\Controller\IndexController.class.php 第 43 行.
SQL: SELECT COUNT(*) AS tp_count FROM `ly` LIMIT 1   [ RunTime:0.0000s ]
NOTIC: [8] Undefined variable: where E:\wamp\www\ceshi\App\Home\Controller\IndexController.class.php 第 45 行.
SQL: SELECT `id`,`name`,`pwd` FROM `ly` ORDER BY id LIMIT 4,1   [ RunTime:0.0010s ]
INFO: [ view_parse ] --START--
INFO: [ template_filter ] --START--
INFO: Run Behavior\ContentReplaceBehavior [ RunTime:0.001000s ]
INFO: [ template_filter ] --END-- [ RunTime:0.001000s ]
INFO: Run Behavior\ParseTemplateBehavior [ RunTime:0.009000s ]
INFO: [ view_parse ] --END-- [ RunTime:0.009000s ]
INFO: [ view_filter ] --START--
INFO: Run Behavior\WriteHtmlCacheBehavior [ RunTime:0.001000s ]
INFO: [ view_filter ] --END-- [ RunTime:0.001000s ]
INFO: [ app_end ] --START--
INFO: Run Behavior\ShowPageTraceBehavior [ RunTime:0.001000s ]
INFO: [ app_end ] --END-- [ RunTime:0.001000s ]

[ 2016-10-08T10:03:12+08:00 ] 127.0.0.1 /index.php/Home/Index/p/p/6.html
INFO: [ app_init ] --START--
INFO: Run Behavior\BuildLiteBehavior [ RunTime:0.000000s ]
INFO: [ app_init ] --END-- [ RunTime:0.001000s ]
INFO: [ app_begin ] --START--
INFO: Run Behavior\ReadHtmlCacheBehavior [ RunTime:0.000000s ]
INFO: [ app_begin ] --END-- [ RunTime:0.000000s ]
NOTIC: [2048] Declaration of Home\Controller\IndexController::show() should be compatible with Think\Controller::show($content, $charset = '', $contentType = '', $prefix = '') E:\wamp\www\ceshi\App\Home\Controller\IndexController.class.php 第 6 行.
SQL: SHOW COLUMNS FROM `ly` [ RunTime:0.0020s ]
NOTIC: [8] Undefined variable: where E:\wamp\www\ceshi\App\Home\Controller\IndexController.class.php 第 43 行.
SQL: SELECT COUNT(*) AS tp_count FROM `ly` LIMIT 1   [ RunTime:0.0010s ]
NOTIC: [8] Undefined variable: where E:\wamp\www\ceshi\App\Home\Controller\IndexController.class.php 第 45 行.
SQL: SELECT `id`,`name`,`pwd` FROM `ly` ORDER BY id LIMIT 5,1   [ RunTime:0.0010s ]
INFO: [ view_parse ] --START--
INFO: [ template_filter ] --START--
INFO: Run Behavior\ContentReplaceBehavior [ RunTime:0.000000s ]
INFO: [ template_filter ] --END-- [ RunTime:0.000000s ]
INFO: Run Behavior\ParseTemplateBehavior [ RunTime:0.008000s ]
INFO: [ view_parse ] --END-- [ RunTime:0.008000s ]
INFO: [ view_filter ] --START--
INFO: Run Behavior\WriteHtmlCacheBehavior [ RunTime:0.001000s ]
INFO: [ view_filter ] --END-- [ RunTime:0.001000s ]
INFO: [ app_end ] --START--
INFO: Run Behavior\ShowPageTraceBehavior [ RunTime:0.001000s ]
INFO: [ app_end ] --END-- [ RunTime:0.001000s ]

[ 2016-10-08T10:04:18+08:00 ] 127.0.0.1 /index.php/Home/Index/p/p/6.html
INFO: [ app_init ] --START--
INFO: Run Behavior\BuildLiteBehavior [ RunTime:0.000000s ]
INFO: [ app_init ] --END-- [ RunTime:0.001000s ]
INFO: [ app_begin ] --START--
INFO: Run Behavior\ReadHtmlCacheBehavior [ RunTime:0.000000s ]
INFO: [ app_begin ] --END-- [ RunTime:0.001000s ]
NOTIC: [2048] Declaration of Home\Controller\IndexController::show() should be compatible with Think\Controller::show($content, $charset = '', $contentType = '', $prefix = '') E:\wamp\www\ceshi\App\Home\Controller\IndexController.class.php 第 6 行.
SQL: SHOW COLUMNS FROM `ly` [ RunTime:0.0020s ]
NOTIC: [8] Undefined variable: where E:\wamp\www\ceshi\App\Home\Controller\IndexController.class.php 第 43 行.
SQL: SELECT COUNT(*) AS tp_count FROM `ly` LIMIT 1   [ RunTime:0.0010s ]
NOTIC: [8] Undefined variable: where E:\wamp\www\ceshi\App\Home\Controller\IndexController.class.php 第 45 行.
SQL: SELECT `id`,`name`,`pwd` FROM `ly` ORDER BY id LIMIT 5,1   [ RunTime:0.0010s ]
INFO: [ view_parse ] --START--
INFO: [ template_filter ] --START--
INFO: Run Behavior\ContentReplaceBehavior [ RunTime:0.000000s ]
INFO: [ template_filter ] --END-- [ RunTime:0.001000s ]
INFO: Run Behavior\ParseTemplateBehavior [ RunTime:0.010001s ]
INFO: [ view_parse ] --END-- [ RunTime:0.010001s ]
INFO: [ view_filter ] --START--
INFO: Run Behavior\WriteHtmlCacheBehavior [ RunTime:0.001000s ]
INFO: [ view_filter ] --END-- [ RunTime:0.001000s ]
INFO: [ app_end ] --START--
INFO: Run Behavior\ShowPageTraceBehavior [ RunTime:0.001000s ]
INFO: [ app_end ] --END-- [ RunTime:0.001000s ]

[ 2016-10-08T10:04:21+08:00 ] 127.0.0.1 /index.php/Home/Index/p/p/6.html
INFO: [ app_init ] --START--
INFO: Run Behavior\BuildLiteBehavior [ RunTime:0.000000s ]
INFO: [ app_init ] --END-- [ RunTime:0.001000s ]
INFO: [ app_begin ] --START--
INFO: Run Behavior\ReadHtmlCacheBehavior [ RunTime:0.001000s ]
INFO: [ app_begin ] --END-- [ RunTime:0.001000s ]
NOTIC: [2048] Declaration of Home\Controller\IndexController::show() should be compatible with Think\Controller::show($content, $charset = '', $contentType = '', $prefix = '') E:\wamp\www\ceshi\App\Home\Controller\IndexController.class.php 第 6 行.
SQL: SHOW COLUMNS FROM `ly` [ RunTime:0.0030s ]
NOTIC: [8] Undefined variable: where E:\wamp\www\ceshi\App\Home\Controller\IndexController.class.php 第 43 行.
SQL: SELECT COUNT(*) AS tp_count FROM `ly` LIMIT 1   [ RunTime:0.0010s ]
NOTIC: [8] Undefined variable: where E:\wamp\www\ceshi\App\Home\Controller\IndexController.class.php 第 45 行.
SQL: SELECT `id`,`name`,`pwd` FROM `ly` ORDER BY id LIMIT 5,1   [ RunTime:0.0000s ]
INFO: [ view_parse ] --START--
INFO: [ template_filter ] --START--
INFO: Run Behavior\ContentReplaceBehavior [ RunTime:0.000000s ]
INFO: [ template_filter ] --END-- [ RunTime:0.000000s ]
INFO: Run Behavior\ParseTemplateBehavior [ RunTime:0.010001s ]
INFO: [ view_parse ] --END-- [ RunTime:0.011001s ]
INFO: [ view_filter ] --START--
INFO: Run Behavior\WriteHtmlCacheBehavior [ RunTime:0.000000s ]
INFO: [ view_filter ] --END-- [ RunTime:0.000000s ]
INFO: [ app_end ] --START--
INFO: Run Behavior\ShowPageTraceBehavior [ RunTime:0.001000s ]
INFO: [ app_end ] --END-- [ RunTime:0.001000s ]

[ 2016-10-08T10:04:21+08:00 ] 127.0.0.1 /index.php/Home/Index/p/p/6.html
INFO: [ app_init ] --START--
INFO: Run Behavior\BuildLiteBehavior [ RunTime:0.001000s ]
INFO: [ app_init ] --END-- [ RunTime:0.001000s ]
INFO: [ app_begin ] --START--
INFO: Run Behavior\ReadHtmlCacheBehavior [ RunTime:0.001000s ]
INFO: [ app_begin ] --END-- [ RunTime:0.001000s ]
NOTIC: [2048] Declaration of Home\Controller\IndexController::show() should be compatible with Think\Controller::show($content, $charset = '', $contentType = '', $prefix = '') E:\wamp\www\ceshi\App\Home\Controller\IndexController.class.php 第 6 行.
SQL: SHOW COLUMNS FROM `ly` [ RunTime:0.0030s ]
NOTIC: [8] Undefined variable: where E:\wamp\www\ceshi\App\Home\Controller\IndexController.class.php 第 43 行.
SQL: SELECT COUNT(*) AS tp_count FROM `ly` LIMIT 1   [ RunTime:0.0000s ]
NOTIC: [8] Undefined variable: where E:\wamp\www\ceshi\App\Home\Controller\IndexController.class.php 第 45 行.
SQL: SELECT `id`,`name`,`pwd` FROM `ly` ORDER BY id LIMIT 5,1   [ RunTime:0.0000s ]
INFO: [ view_parse ] --START--
INFO: [ template_filter ] --START--
INFO: Run Behavior\ContentReplaceBehavior [ RunTime:0.000000s ]
INFO: [ template_filter ] --END-- [ RunTime:0.001000s ]
INFO: Run Behavior\ParseTemplateBehavior [ RunTime:0.009000s ]
INFO: [ view_parse ] --END-- [ RunTime:0.011001s ]
INFO: [ view_filter ] --START--
INFO: Run Behavior\WriteHtmlCacheBehavior [ RunTime:0.000000s ]
INFO: [ view_filter ] --END-- [ RunTime:0.000000s ]
INFO: [ app_end ] --START--
INFO: Run Behavior\ShowPageTraceBehavior [ RunTime:0.000000s ]
INFO: [ app_end ] --END-- [ RunTime:0.001000s ]

[ 2016-10-08T10:04:23+08:00 ] 127.0.0.1 /index.php/Home/Index/p/p/5.html
INFO: [ app_init ] --START--
INFO: Run Behavior\BuildLiteBehavior [ RunTime:0.000000s ]
INFO: [ app_init ] --END-- [ RunTime:0.001000s ]
INFO: [ app_begin ] --START--
INFO: Run Behavior\ReadHtmlCacheBehavior [ RunTime:0.001000s ]
INFO: [ app_begin ] --END-- [ RunTime:0.001000s ]
NOTIC: [2048] Declaration of Home\Controller\IndexController::show() should be compatible with Think\Controller::show($content, $charset = '', $contentType = '', $prefix = '') E:\wamp\www\ceshi\App\Home\Controller\IndexController.class.php 第 6 行.
SQL: SHOW COLUMNS FROM `ly` [ RunTime:0.0020s ]
NOTIC: [8] Undefined variable: where E:\wamp\www\ceshi\App\Home\Controller\IndexController.class.php 第 43 行.
SQL: SELECT COUNT(*) AS tp_count FROM `ly` LIMIT 1   [ RunTime:0.0010s ]
NOTIC: [8] Undefined variable: where E:\wamp\www\ceshi\App\Home\Controller\IndexController.class.php 第 45 行.
SQL: SELECT `id`,`name`,`pwd` FROM `ly` ORDER BY id LIMIT 4,1   [ RunTime:0.0000s ]
INFO: [ view_parse ] --START--
INFO: [ template_filter ] --START--
INFO: Run Behavior\ContentReplaceBehavior [ RunTime:0.000000s ]
INFO: [ template_filter ] --END-- [ RunTime:0.001000s ]
INFO: Run Behavior\ParseTemplateBehavior [ RunTime:0.011001s ]
INFO: [ view_parse ] --END-- [ RunTime:0.011001s ]
INFO: [ view_filter ] --START--
INFO: Run Behavior\WriteHtmlCacheBehavior [ RunTime:0.001000s ]
INFO: [ view_filter ] --END-- [ RunTime:0.001000s ]
INFO: [ app_end ] --START--
INFO: Run Behavior\ShowPageTraceBehavior [ RunTime:0.001000s ]
INFO: [ app_end ] --END-- [ RunTime:0.001000s ]

[ 2016-10-08T10:04:54+08:00 ] 127.0.0.1 /index.php/Home/Index/p/p/5.html
INFO: [ app_init ] --START--
INFO: Run Behavior\BuildLiteBehavior [ RunTime:0.000000s ]
INFO: [ app_init ] --END-- [ RunTime:0.001000s ]
INFO: [ app_begin ] --START--
INFO: Run Behavior\ReadHtmlCacheBehavior [ RunTime:0.001000s ]
INFO: [ app_begin ] --END-- [ RunTime:0.001000s ]
NOTIC: [2048] Declaration of Home\Controller\IndexController::show() should be compatible with Think\Controller::show($content, $charset = '', $contentType = '', $prefix = '') E:\wamp\www\ceshi\App\Home\Controller\IndexController.class.php 第 6 行.
SQL: SHOW COLUMNS FROM `ly` [ RunTime:0.0040s ]
NOTIC: [8] Undefined variable: where E:\wamp\www\ceshi\App\Home\Controller\IndexController.class.php 第 43 行.
SQL: SELECT COUNT(*) AS tp_count FROM `ly` LIMIT 1   [ RunTime:0.0010s ]
NOTIC: [8] Undefined variable: where E:\wamp\www\ceshi\App\Home\Controller\IndexController.class.php 第 45 行.
SQL: SELECT `id`,`name`,`pwd` FROM `ly` ORDER BY id LIMIT 12,3   [ RunTime:0.0010s ]
INFO: [ view_parse ] --START--
INFO: [ template_filter ] --START--
INFO: Run Behavior\ContentReplaceBehavior [ RunTime:0.000000s ]
INFO: [ template_filter ] --END-- [ RunTime:0.000000s ]
INFO: Run Behavior\ParseTemplateBehavior [ RunTime:0.010001s ]
INFO: [ view_parse ] --END-- [ RunTime:0.010001s ]
INFO: [ view_filter ] --START--
INFO: Run Behavior\WriteHtmlCacheBehavior [ RunTime:0.000000s ]
INFO: [ view_filter ] --END-- [ RunTime:0.001000s ]
INFO: [ app_end ] --START--
INFO: Run Behavior\ShowPageTraceBehavior [ RunTime:0.001000s ]
INFO: [ app_end ] --END-- [ RunTime:0.001000s ]

[ 2016-10-08T10:04:56+08:00 ] 127.0.0.1 /index.php/Home/Index/p/p/5.html
INFO: [ app_init ] --START--
INFO: Run Behavior\BuildLiteBehavior [ RunTime:0.000000s ]
INFO: [ app_init ] --END-- [ RunTime:0.001001s ]
INFO: [ app_begin ] --START--
INFO: Run Behavior\ReadHtmlCacheBehavior [ RunTime:0.001000s ]
INFO: [ app_begin ] --END-- [ RunTime:0.001000s ]
NOTIC: [2048] Declaration of Home\Controller\IndexController::show() should be compatible with Think\Controller::show($content, $charset = '', $contentType = '', $prefix = '') E:\wamp\www\ceshi\App\Home\Controller\IndexController.class.php 第 6 行.
SQL: SHOW COLUMNS FROM `ly` [ RunTime:0.0020s ]
NOTIC: [8] Undefined variable: where E:\wamp\www\ceshi\App\Home\Controller\IndexController.class.php 第 43 行.
SQL: SELECT COUNT(*) AS tp_count FROM `ly` LIMIT 1   [ RunTime:0.0010s ]
NOTIC: [8] Undefined variable: where E:\wamp\www\ceshi\App\Home\Controller\IndexController.class.php 第 45 行.
SQL: SELECT `id`,`name`,`pwd` FROM `ly` ORDER BY id LIMIT 12,3   [ RunTime:0.0010s ]
INFO: [ view_parse ] --START--
INFO: [ template_filter ] --START--
INFO: Run Behavior\ContentReplaceBehavior [ RunTime:0.001000s ]
INFO: [ template_filter ] --END-- [ RunTime:0.001000s ]
INFO: Run Behavior\ParseTemplateBehavior [ RunTime:0.010001s ]
INFO: [ view_parse ] --END-- [ RunTime:0.010001s ]
INFO: [ view_filter ] --START--
INFO: Run Behavior\WriteHtmlCacheBehavior [ RunTime:0.001000s ]
INFO: [ view_filter ] --END-- [ RunTime:0.001000s ]
INFO: [ app_end ] --START--
INFO: Run Behavior\ShowPageTraceBehavior [ RunTime:0.001000s ]
INFO: [ app_end ] --END-- [ RunTime:0.001000s ]

[ 2016-10-08T10:04:57+08:00 ] 127.0.0.1 /index.php/Home/Index/p/p/5.html
INFO: [ app_init ] --START--
INFO: Run Behavior\BuildLiteBehavior [ RunTime:0.000000s ]
INFO: [ app_init ] --END-- [ RunTime:0.001000s ]
INFO: [ app_begin ] --START--
INFO: Run Behavior\ReadHtmlCacheBehavior [ RunTime:0.001000s ]
INFO: [ app_begin ] --END-- [ RunTime:0.001000s ]
NOTIC: [2048] Declaration of Home\Controller\IndexController::show() should be compatible with Think\Controller::show($content, $charset = '', $contentType = '', $prefix = '') E:\wamp\www\ceshi\App\Home\Controller\IndexController.class.php 第 6 行.
SQL: SHOW COLUMNS FROM `ly` [ RunTime:0.0020s ]
NOTIC: [8] Undefined variable: where E:\wamp\www\ceshi\App\Home\Controller\IndexController.class.php 第 43 行.
SQL: SELECT COUNT(*) AS tp_count FROM `ly` LIMIT 1   [ RunTime:0.0000s ]
NOTIC: [8] Undefined variable: where E:\wamp\www\ceshi\App\Home\Controller\IndexController.class.php 第 45 行.
SQL: SELECT `id`,`name`,`pwd` FROM `ly` ORDER BY id LIMIT 12,3   [ RunTime:0.0000s ]
INFO: [ view_parse ] --START--
INFO: [ template_filter ] --START--
INFO: Run Behavior\ContentReplaceBehavior [ RunTime:0.000000s ]
INFO: [ template_filter ] --END-- [ RunTime:0.000000s ]
INFO: Run Behavior\ParseTemplateBehavior [ RunTime:0.010000s ]
INFO: [ view_parse ] --END-- [ RunTime:0.010000s ]
INFO: [ view_filter ] --START--
INFO: Run Behavior\WriteHtmlCacheBehavior [ RunTime:0.001000s ]
INFO: [ view_filter ] --END-- [ RunTime:0.001000s ]
INFO: [ app_end ] --START--
INFO: Run Behavior\ShowPageTraceBehavior [ RunTime:0.001000s ]
INFO: [ app_end ] --END-- [ RunTime:0.001000s ]

[ 2016-10-08T10:04:59+08:00 ] 127.0.0.1 /index.php/Home/Index/p/p/3.html
INFO: [ app_init ] --START--
INFO: Run Behavior\BuildLiteBehavior [ RunTime:0.000000s ]
INFO: [ app_init ] --END-- [ RunTime:0.001000s ]
INFO: [ app_begin ] --START--
INFO: Run Behavior\ReadHtmlCacheBehavior [ RunTime:0.001000s ]
INFO: [ app_begin ] --END-- [ RunTime:0.001000s ]
NOTIC: [2048] Declaration of Home\Controller\IndexController::show() should be compatible with Think\Controller::show($content, $charset = '', $contentType = '', $prefix = '') E:\wamp\www\ceshi\App\Home\Controller\IndexController.class.php 第 6 行.
SQL: SHOW COLUMNS FROM `ly` [ RunTime:0.0020s ]
NOTIC: [8] Undefined variable: where E:\wamp\www\ceshi\App\Home\Controller\IndexController.class.php 第 43 行.
SQL: SELECT COUNT(*) AS tp_count FROM `ly` LIMIT 1   [ RunTime:0.0000s ]
NOTIC: [8] Undefined variable: where E:\wamp\www\ceshi\App\Home\Controller\IndexController.class.php 第 45 行.
SQL: SELECT `id`,`name`,`pwd` FROM `ly` ORDER BY id LIMIT 6,3   [ RunTime:0.0000s ]
INFO: [ view_parse ] --START--
INFO: [ template_filter ] --START--
INFO: Run Behavior\ContentReplaceBehavior [ RunTime:0.000000s ]
INFO: [ template_filter ] --END-- [ RunTime:0.000000s ]
INFO: Run Behavior\ParseTemplateBehavior [ RunTime:0.010000s ]
INFO: [ view_parse ] --END-- [ RunTime:0.010000s ]
INFO: [ view_filter ] --START--
INFO: Run Behavior\WriteHtmlCacheBehavior [ RunTime:0.000000s ]
INFO: [ view_filter ] --END-- [ RunTime:0.000000s ]
INFO: [ app_end ] --START--
INFO: Run Behavior\ShowPageTraceBehavior [ RunTime:0.000000s ]
INFO: [ app_end ] --END-- [ RunTime:0.000000s ]

[ 2016-10-08T10:05:19+08:00 ] 127.0.0.1 /index.php/Home/Index/p/p/3.html
INFO: [ app_init ] --START--
INFO: Run Behavior\BuildLiteBehavior [ RunTime:0.000000s ]
INFO: [ app_init ] --END-- [ RunTime:0.001000s ]
INFO: [ app_begin ] --START--
INFO: Run Behavior\ReadHtmlCacheBehavior [ RunTime:0.001000s ]
INFO: [ app_begin ] --END-- [ RunTime:0.001000s ]
NOTIC: [2048] Declaration of Home\Controller\IndexController::show() should be compatible with Think\Controller::show($content, $charset = '', $contentType = '', $prefix = '') E:\wamp\www\ceshi\App\Home\Controller\IndexController.class.php 第 6 行.
SQL: SHOW COLUMNS FROM `ly` [ RunTime:0.0030s ]
NOTIC: [8] Undefined variable: where E:\wamp\www\ceshi\App\Home\Controller\IndexController.class.php 第 43 行.
SQL: SELECT COUNT(*) AS tp_count FROM `ly` LIMIT 1   [ RunTime:0.0010s ]
NOTIC: [8] Undefined variable: where E:\wamp\www\ceshi\App\Home\Controller\IndexController.class.php 第 45 行.
SQL: SELECT `id`,`name`,`pwd` FROM `ly` ORDER BY id LIMIT 6,3   [ RunTime:0.0000s ]
INFO: [ view_parse ] --START--
INFO: [ template_filter ] --START--
INFO: Run Behavior\ContentReplaceBehavior [ RunTime:0.000000s ]
INFO: [ template_filter ] --END-- [ RunTime:0.001000s ]
INFO: Run Behavior\ParseTemplateBehavior [ RunTime:0.014001s ]
INFO: [ view_parse ] --END-- [ RunTime:0.014001s ]
INFO: [ view_filter ] --START--
INFO: Run Behavior\WriteHtmlCacheBehavior [ RunTime:0.000000s ]
INFO: [ view_filter ] --END-- [ RunTime:0.001000s ]
INFO: [ app_end ] --START--
INFO: Run Behavior\ShowPageTraceBehavior [ RunTime:0.001000s ]
INFO: [ app_end ] --END-- [ RunTime:0.001000s ]

[ 2016-10-08T10:05:22+08:00 ] 127.0.0.1 /index.php/Home/Index/p/p/2.html
INFO: [ app_init ] --START--
INFO: Run Behavior\BuildLiteBehavior [ RunTime:0.000000s ]
INFO: [ app_init ] --END-- [ RunTime:0.001000s ]
INFO: [ app_begin ] --START--
INFO: Run Behavior\ReadHtmlCacheBehavior [ RunTime:0.000000s ]
INFO: [ app_begin ] --END-- [ RunTime:0.000000s ]
NOTIC: [2048] Declaration of Home\Controller\IndexController::show() should be compatible with Think\Controller::show($content, $charset = '', $contentType = '', $prefix = '') E:\wamp\www\ceshi\App\Home\Controller\IndexController.class.php 第 6 行.
SQL: SHOW COLUMNS FROM `ly` [ RunTime:0.0030s ]
NOTIC: [8] Undefined variable: where E:\wamp\www\ceshi\App\Home\Controller\IndexController.class.php 第 43 行.
SQL: SELECT COUNT(*) AS tp_count FROM `ly` LIMIT 1   [ RunTime:0.0010s ]
NOTIC: [8] Undefined variable: where E:\wamp\www\ceshi\App\Home\Controller\IndexController.class.php 第 45 行.
SQL: SELECT `id`,`name`,`pwd` FROM `ly` ORDER BY id LIMIT 3,3   [ RunTime:0.0010s ]
INFO: [ view_parse ] --START--
INFO: [ template_filter ] --START--
INFO: Run Behavior\ContentReplaceBehavior [ RunTime:0.001000s ]
INFO: [ template_filter ] --END-- [ RunTime:0.001000s ]
INFO: Run Behavior\ParseTemplateBehavior [ RunTime:0.014001s ]
INFO: [ view_parse ] --END-- [ RunTime:0.014001s ]
INFO: [ view_filter ] --START--
INFO: Run Behavior\WriteHtmlCacheBehavior [ RunTime:0.002000s ]
INFO: [ view_filter ] --END-- [ RunTime:0.002000s ]
INFO: [ app_end ] --START--
INFO: Run Behavior\ShowPageTraceBehavior [ RunTime:0.001000s ]
INFO: [ app_end ] --END-- [ RunTime:0.001000s ]

[ 2016-10-08T10:05:22+08:00 ] 127.0.0.1 /index.php/Home/Index/p/p/1.html
INFO: [ app_init ] --START--
INFO: Run Behavior\BuildLiteBehavior [ RunTime:0.000000s ]
INFO: [ app_init ] --END-- [ RunTime:0.001000s ]
INFO: [ app_begin ] --START--
INFO: Run Behavior\ReadHtmlCacheBehavior [ RunTime:0.001000s ]
INFO: [ app_begin ] --END-- [ RunTime:0.001000s ]
NOTIC: [2048] Declaration of Home\Controller\IndexController::show() should be compatible with Think\Controller::show($content, $charset = '', $contentType = '', $prefix = '') E:\wamp\www\ceshi\App\Home\Controller\IndexController.class.php 第 6 行.
SQL: SHOW COLUMNS FROM `ly` [ RunTime:0.0040s ]
NOTIC: [8] Undefined variable: where E:\wamp\www\ceshi\App\Home\Controller\IndexController.class.php 第 43 行.
SQL: SELECT COUNT(*) AS tp_count FROM `ly` LIMIT 1   [ RunTime:0.0000s ]
NOTIC: [8] Undefined variable: where E:\wamp\www\ceshi\App\Home\Controller\IndexController.class.php 第 45 行.
SQL: SELECT `id`,`name`,`pwd` FROM `ly` ORDER BY id LIMIT 0,3   [ RunTime:0.0000s ]
INFO: [ view_parse ] --START--
INFO: [ template_filter ] --START--
INFO: Run Behavior\ContentReplaceBehavior [ RunTime:0.000000s ]
INFO: [ template_filter ] --END-- [ RunTime:0.000000s ]
INFO: Run Behavior\ParseTemplateBehavior [ RunTime:0.010000s ]
INFO: [ view_parse ] --END-- [ RunTime:0.010000s ]
INFO: [ view_filter ] --START--
INFO: Run Behavior\WriteHtmlCacheBehavior [ RunTime:0.001000s ]
INFO: [ view_filter ] --END-- [ RunTime:0.001000s ]
INFO: [ app_end ] --START--
INFO: Run Behavior\ShowPageTraceBehavior [ RunTime:0.001000s ]
INFO: [ app_end ] --END-- [ RunTime:0.001000s ]

[ 2016-10-08T10:05:24+08:00 ] 127.0.0.1 /index.php/Home/Index/p/p/2.html
INFO: [ app_init ] --START--
INFO: Run Behavior\BuildLiteBehavior [ RunTime:0.000000s ]
INFO: [ app_init ] --END-- [ RunTime:0.001000s ]
INFO: [ app_begin ] --START--
INFO: Run Behavior\ReadHtmlCacheBehavior [ RunTime:0.001000s ]
INFO: [ app_begin ] --END-- [ RunTime:0.001000s ]
NOTIC: [2048] Declaration of Home\Controller\IndexController::show() should be compatible with Think\Controller::show($content, $charset = '', $contentType = '', $prefix = '') E:\wamp\www\ceshi\App\Home\Controller\IndexController.class.php 第 6 行.
SQL: SHOW COLUMNS FROM `ly` [ RunTime:0.0030s ]
NOTIC: [8] Undefined variable: where E:\wamp\www\ceshi\App\Home\Controller\IndexController.class.php 第 43 行.
SQL: SELECT COUNT(*) AS tp_count FROM `ly` LIMIT 1   [ RunTime:0.0000s ]
NOTIC: [8] Undefined variable: where E:\wamp\www\ceshi\App\Home\Controller\IndexController.class.php 第 45 行.
SQL: SELECT `id`,`name`,`pwd` FROM `ly` ORDER BY id LIMIT 3,3   [ RunTime:0.0020s ]
INFO: [ view_parse ] --START--
INFO: [ template_filter ] --START--
INFO: Run Behavior\ContentReplaceBehavior [ RunTime:0.000000s ]
INFO: [ template_filter ] --END-- [ RunTime:0.000000s ]
INFO: Run Behavior\ParseTemplateBehavior [ RunTime:0.011001s ]
INFO: [ view_parse ] --END-- [ RunTime:0.011001s ]
INFO: [ view_filter ] --START--
INFO: Run Behavior\WriteHtmlCacheBehavior [ RunTime:0.001000s ]
INFO: [ view_filter ] --END-- [ RunTime:0.001000s ]
INFO: [ app_end ] --START--
INFO: Run Behavior\ShowPageTraceBehavior [ RunTime:0.001000s ]
INFO: [ app_end ] --END-- [ RunTime:0.001000s ]

[ 2016-10-08T10:05:25+08:00 ] 127.0.0.1 /index.php/Home/Index/p/p/3.html
INFO: [ app_init ] --START--
INFO: Run Behavior\BuildLiteBehavior [ RunTime:0.000000s ]
INFO: [ app_init ] --END-- [ RunTime:0.001000s ]
INFO: [ app_begin ] --START--
INFO: Run Behavior\ReadHtmlCacheBehavior [ RunTime:0.001000s ]
INFO: [ app_begin ] --END-- [ RunTime:0.001000s ]
NOTIC: [2048] Declaration of Home\Controller\IndexController::show() should be compatible with Think\Controller::show($content, $charset = '', $contentType = '', $prefix = '') E:\wamp\www\ceshi\App\Home\Controller\IndexController.class.php 第 6 行.
SQL: SHOW COLUMNS FROM `ly` [ RunTime:0.0590s ]
NOTIC: [8] Undefined variable: where E:\wamp\www\ceshi\App\Home\Controller\IndexController.class.php 第 43 行.
SQL: SELECT COUNT(*) AS tp_count FROM `ly` LIMIT 1   [ RunTime:0.0010s ]
NOTIC: [8] Undefined variable: where E:\wamp\www\ceshi\App\Home\Controller\IndexController.class.php 第 45 行.
SQL: SELECT `id`,`name`,`pwd` FROM `ly` ORDER BY id LIMIT 6,3   [ RunTime:0.0010s ]
INFO: [ view_parse ] --START--
INFO: [ template_filter ] --START--
INFO: Run Behavior\ContentReplaceBehavior [ RunTime:0.000000s ]
INFO: [ template_filter ] --END-- [ RunTime:0.000000s ]
INFO: Run Behavior\ParseTemplateBehavior [ RunTime:0.012000s ]
INFO: [ view_parse ] --END-- [ RunTime:0.012000s ]
INFO: [ view_filter ] --START--
INFO: Run Behavior\WriteHtmlCacheBehavior [ RunTime:0.001000s ]
INFO: [ view_filter ] --END-- [ RunTime:0.001000s ]
INFO: [ app_end ] --START--
INFO: Run Behavior\ShowPageTraceBehavior [ RunTime:0.001000s ]
INFO: [ app_end ] --END-- [ RunTime:0.001000s ]

[ 2016-10-08T10:05:25+08:00 ] 127.0.0.1 /index.php/Home/Index/p/p/4.html
INFO: [ app_init ] --START--
INFO: Run Behavior\BuildLiteBehavior [ RunTime:0.000000s ]
INFO: [ app_init ] --END-- [ RunTime:0.001000s ]
INFO: [ app_begin ] --START--
INFO: Run Behavior\ReadHtmlCacheBehavior [ RunTime:0.001000s ]
INFO: [ app_begin ] --END-- [ RunTime:0.001000s ]
NOTIC: [2048] Declaration of Home\Controller\IndexController::show() should be compatible with Think\Controller::show($content, $charset = '', $contentType = '', $prefix = '') E:\wamp\www\ceshi\App\Home\Controller\IndexController.class.php 第 6 行.
SQL: SHOW COLUMNS FROM `ly` [ RunTime:0.0030s ]
NOTIC: [8] Undefined variable: where E:\wamp\www\ceshi\App\Home\Controller\IndexController.class.php 第 43 行.
SQL: SELECT COUNT(*) AS tp_count FROM `ly` LIMIT 1   [ RunTime:0.0010s ]
NOTIC: [8] Undefined variable: where E:\wamp\www\ceshi\App\Home\Controller\IndexController.class.php 第 45 行.
SQL: SELECT `id`,`name`,`pwd` FROM `ly` ORDER BY id LIMIT 9,3   [ RunTime:0.0010s ]
INFO: [ view_parse ] --START--
INFO: [ template_filter ] --START--
INFO: Run Behavior\ContentReplaceBehavior [ RunTime:0.000000s ]
INFO: [ template_filter ] --END-- [ RunTime:0.000000s ]
INFO: Run Behavior\ParseTemplateBehavior [ RunTime:0.009000s ]
INFO: [ view_parse ] --END-- [ RunTime:0.009000s ]
INFO: [ view_filter ] --START--
INFO: Run Behavior\WriteHtmlCacheBehavior [ RunTime:0.001000s ]
INFO: [ view_filter ] --END-- [ RunTime:0.003000s ]
INFO: [ app_end ] --START--
INFO: Run Behavior\ShowPageTraceBehavior [ RunTime:0.001000s ]
INFO: [ app_end ] --END-- [ RunTime:0.001000s ]

[ 2016-10-08T10:07:04+08:00 ] 127.0.0.1 /index.php/Home/Index/p/p/3.html
INFO: [ app_init ] --START--
INFO: Run Behavior\BuildLiteBehavior [ RunTime:0.000000s ]
INFO: [ app_init ] --END-- [ RunTime:0.001000s ]
INFO: [ app_begin ] --START--
INFO: Run Behavior\ReadHtmlCacheBehavior [ RunTime:0.001000s ]
INFO: [ app_begin ] --END-- [ RunTime:0.002000s ]
NOTIC: [2048] Declaration of Home\Controller\IndexController::show() should be compatible with Think\Controller::show($content, $charset = '', $contentType = '', $prefix = '') E:\wamp\www\ceshi\App\Home\Controller\IndexController.class.php 第 6 行.
SQL: SHOW COLUMNS FROM `ly` [ RunTime:0.0030s ]
NOTIC: [8] Undefined variable: where E:\wamp\www\ceshi\App\Home\Controller\IndexController.class.php 第 43 行.
SQL: SELECT COUNT(*) AS tp_count FROM `ly` LIMIT 1   [ RunTime:0.0000s ]
NOTIC: [8] Undefined variable: where E:\wamp\www\ceshi\App\Home\Controller\IndexController.class.php 第 45 行.
SQL: SELECT `id`,`name`,`pwd` FROM `ly` ORDER BY id LIMIT 6,3   [ RunTime:0.0010s ]
INFO: [ view_parse ] --START--
INFO: [ template_filter ] --START--
INFO: Run Behavior\ContentReplaceBehavior [ RunTime:0.000000s ]
INFO: [ template_filter ] --END-- [ RunTime:0.000000s ]
INFO: Run Behavior\ParseTemplateBehavior [ RunTime:0.013000s ]
INFO: [ view_parse ] --END-- [ RunTime:0.013000s ]
INFO: [ view_filter ] --START--
INFO: Run Behavior\WriteHtmlCacheBehavior [ RunTime:0.000000s ]
INFO: [ view_filter ] --END-- [ RunTime:0.001000s ]
INFO: [ app_end ] --START--
INFO: Run Behavior\ShowPageTraceBehavior [ RunTime:0.000000s ]
INFO: [ app_end ] --END-- [ RunTime:0.001001s ]

[ 2016-10-08T10:07:04+08:00 ] 127.0.0.1 /index.php/Home/Index/p/p/3.html
INFO: [ app_init ] --START--
INFO: Run Behavior\BuildLiteBehavior [ RunTime:0.000000s ]
INFO: [ app_init ] --END-- [ RunTime:0.001000s ]
INFO: [ app_begin ] --START--
INFO: Run Behavior\ReadHtmlCacheBehavior [ RunTime:0.000000s ]
INFO: [ app_begin ] --END-- [ RunTime:0.002000s ]
NOTIC: [2048] Declaration of Home\Controller\IndexController::show() should be compatible with Think\Controller::show($content, $charset = '', $contentType = '', $prefix = '') E:\wamp\www\ceshi\App\Home\Controller\IndexController.class.php 第 6 行.
SQL: SHOW COLUMNS FROM `ly` [ RunTime:0.0030s ]
NOTIC: [8] Undefined variable: where E:\wamp\www\ceshi\App\Home\Controller\IndexController.class.php 第 43 行.
SQL: SELECT COUNT(*) AS tp_count FROM `ly` LIMIT 1   [ RunTime:0.0000s ]
NOTIC: [8] Undefined variable: where E:\wamp\www\ceshi\App\Home\Controller\IndexController.class.php 第 45 行.
SQL: SELECT `id`,`name`,`pwd` FROM `ly` ORDER BY id LIMIT 6,3   [ RunTime:0.0000s ]
INFO: [ view_parse ] --START--
INFO: [ template_filter ] --START--
INFO: Run Behavior\ContentReplaceBehavior [ RunTime:0.000000s ]
INFO: [ template_filter ] --END-- [ RunTime:0.000000s ]
INFO: Run Behavior\ParseTemplateBehavior [ RunTime:0.011000s ]
INFO: [ view_parse ] --END-- [ RunTime:0.012000s ]
INFO: [ view_filter ] --START--
INFO: Run Behavior\WriteHtmlCacheBehavior [ RunTime:0.000000s ]
INFO: [ view_filter ] --END-- [ RunTime:0.000000s ]
INFO: [ app_end ] --START--
INFO: Run Behavior\ShowPageTraceBehavior [ RunTime:0.001000s ]
INFO: [ app_end ] --END-- [ RunTime:0.001000s ]

[ 2016-10-08T10:07:06+08:00 ] 127.0.0.1 /index.php/Home/Index/p/p/4.html
INFO: [ app_init ] --START--
INFO: Run Behavior\BuildLiteBehavior [ RunTime:0.000000s ]
INFO: [ app_init ] --END-- [ RunTime:0.000000s ]
INFO: [ app_begin ] --START--
INFO: Run Behavior\ReadHtmlCacheBehavior [ RunTime:0.000000s ]
INFO: [ app_begin ] --END-- [ RunTime:0.001000s ]
NOTIC: [2048] Declaration of Home\Controller\IndexController::show() should be compatible with Think\Controller::show($content, $charset = '', $contentType = '', $prefix = '') E:\wamp\www\ceshi\App\Home\Controller\IndexController.class.php 第 6 行.
SQL: SHOW COLUMNS FROM `ly` [ RunTime:0.0020s ]
NOTIC: [8] Undefined variable: where E:\wamp\www\ceshi\App\Home\Controller\IndexController.class.php 第 43 行.
SQL: SELECT COUNT(*) AS tp_count FROM `ly` LIMIT 1   [ RunTime:0.0000s ]
NOTIC: [8] Undefined variable: where E:\wamp\www\ceshi\App\Home\Controller\IndexController.class.php 第 45 行.
SQL: SELECT `id`,`name`,`pwd` FROM `ly` ORDER BY id LIMIT 9,3   [ RunTime:0.0010s ]
INFO: [ view_parse ] --START--
INFO: [ template_filter ] --START--
INFO: Run Behavior\ContentReplaceBehavior [ RunTime:0.000000s ]
INFO: [ template_filter ] --END-- [ RunTime:0.001000s ]
INFO: Run Behavior\ParseTemplateBehavior [ RunTime:0.011001s ]
INFO: [ view_parse ] --END-- [ RunTime:0.011001s ]
INFO: [ view_filter ] --START--
INFO: Run Behavior\WriteHtmlCacheBehavior [ RunTime:0.000000s ]
INFO: [ view_filter ] --END-- [ RunTime:0.000000s ]
INFO: [ app_end ] --START--
INFO: Run Behavior\ShowPageTraceBehavior [ RunTime:0.001000s ]
INFO: [ app_end ] --END-- [ RunTime:0.001000s ]

[ 2016-10-08T10:07:07+08:00 ] 127.0.0.1 /index.php/Home/Index/p/p/3.html
INFO: [ app_init ] --START--
INFO: Run Behavior\BuildLiteBehavior [ RunTime:0.000000s ]
INFO: [ app_init ] --END-- [ RunTime:0.000000s ]
INFO: [ app_begin ] --START--
INFO: Run Behavior\ReadHtmlCacheBehavior [ RunTime:0.000000s ]
INFO: [ app_begin ] --END-- [ RunTime:0.000000s ]
NOTIC: [2048] Declaration of Home\Controller\IndexController::show() should be compatible with Think\Controller::show($content, $charset = '', $contentType = '', $prefix = '') E:\wamp\www\ceshi\App\Home\Controller\IndexController.class.php 第 6 行.
SQL: SHOW COLUMNS FROM `ly` [ RunTime:0.0030s ]
NOTIC: [8] Undefined variable: where E:\wamp\www\ceshi\App\Home\Controller\IndexController.class.php 第 43 行.
SQL: SELECT COUNT(*) AS tp_count FROM `ly` LIMIT 1   [ RunTime:0.0000s ]
NOTIC: [8] Undefined variable: where E:\wamp\www\ceshi\App\Home\Controller\IndexController.class.php 第 45 行.
SQL: SELECT `id`,`name`,`pwd` FROM `ly` ORDER BY id LIMIT 6,3   [ RunTime:0.0000s ]
INFO: [ view_parse ] --START--
INFO: [ template_filter ] --START--
INFO: Run Behavior\ContentReplaceBehavior [ RunTime:0.000000s ]
INFO: [ template_filter ] --END-- [ RunTime:0.001000s ]
INFO: Run Behavior\ParseTemplateBehavior [ RunTime:0.011001s ]
INFO: [ view_parse ] --END-- [ RunTime:0.011001s ]
INFO: [ view_filter ] --START--
INFO: Run Behavior\WriteHtmlCacheBehavior [ RunTime:0.001000s ]
INFO: [ view_filter ] --END-- [ RunTime:0.001000s ]
INFO: [ app_end ] --START--
INFO: Run Behavior\ShowPageTraceBehavior [ RunTime:0.001000s ]
INFO: [ app_end ] --END-- [ RunTime:0.001000s ]

[ 2016-10-08T10:07:07+08:00 ] 127.0.0.1 /index.php/Home/Index/p/p/2.html
INFO: [ app_init ] --START--
INFO: Run Behavior\BuildLiteBehavior [ RunTime:0.000000s ]
INFO: [ app_init ] --END-- [ RunTime:0.001000s ]
INFO: [ app_begin ] --START--
INFO: Run Behavior\ReadHtmlCacheBehavior [ RunTime:0.001000s ]
INFO: [ app_begin ] --END-- [ RunTime:0.001000s ]
NOTIC: [2048] Declaration of Home\Controller\IndexController::show() should be compatible with Think\Controller::show($content, $charset = '', $contentType = '', $prefix = '') E:\wamp\www\ceshi\App\Home\Controller\IndexController.class.php 第 6 行.
SQL: SHOW COLUMNS FROM `ly` [ RunTime:0.0030s ]
NOTIC: [8] Undefined variable: where E:\wamp\www\ceshi\App\Home\Controller\IndexController.class.php 第 43 行.
SQL: SELECT COUNT(*) AS tp_count FROM `ly` LIMIT 1   [ RunTime:0.0010s ]
NOTIC: [8] Undefined variable: where E:\wamp\www\ceshi\App\Home\Controller\IndexController.class.php 第 45 行.
SQL: SELECT `id`,`name`,`pwd` FROM `ly` ORDER BY id LIMIT 3,3   [ RunTime:0.0000s ]
INFO: [ view_parse ] --START--
INFO: [ template_filter ] --START--
INFO: Run Behavior\ContentReplaceBehavior [ RunTime:0.000000s ]
INFO: [ template_filter ] --END-- [ RunTime:0.001001s ]
INFO: Run Behavior\ParseTemplateBehavior [ RunTime:0.012001s ]
INFO: [ view_parse ] --END-- [ RunTime:0.013001s ]
INFO: [ view_filter ] --START--
INFO: Run Behavior\WriteHtmlCacheBehavior [ RunTime:0.000000s ]
INFO: [ view_filter ] --END-- [ RunTime:0.000000s ]
INFO: [ app_end ] --START--
INFO: Run Behavior\ShowPageTraceBehavior [ RunTime:0.001000s ]
INFO: [ app_end ] --END-- [ RunTime:0.001000s ]

[ 2016-10-08T10:07:08+08:00 ] 127.0.0.1 /index.php/Home/Index/p/p/1.html
INFO: [ app_init ] --START--
INFO: Run Behavior\BuildLiteBehavior [ RunTime:0.001000s ]
INFO: [ app_init ] --END-- [ RunTime:0.001000s ]
INFO: [ app_begin ] --START--
INFO: Run Behavior\ReadHtmlCacheBehavior [ RunTime:0.001000s ]
INFO: [ app_begin ] --END-- [ RunTime:0.002000s ]
NOTIC: [2048] Declaration of Home\Controller\IndexController::show() should be compatible with Think\Controller::show($content, $charset = '', $contentType = '', $prefix = '') E:\wamp\www\ceshi\App\Home\Controller\IndexController.class.php 第 6 行.
SQL: SHOW COLUMNS FROM `ly` [ RunTime:0.0030s ]
NOTIC: [8] Undefined variable: where E:\wamp\www\ceshi\App\Home\Controller\IndexController.class.php 第 43 行.
SQL: SELECT COUNT(*) AS tp_count FROM `ly` LIMIT 1   [ RunTime:0.0010s ]
NOTIC: [8] Undefined variable: where E:\wamp\www\ceshi\App\Home\Controller\IndexController.class.php 第 45 行.
SQL: SELECT `id`,`name`,`pwd` FROM `ly` ORDER BY id LIMIT 0,3   [ RunTime:0.0010s ]
INFO: [ view_parse ] --START--
INFO: [ template_filter ] --START--
INFO: Run Behavior\ContentReplaceBehavior [ RunTime:0.000000s ]
INFO: [ template_filter ] --END-- [ RunTime:0.001000s ]
INFO: Run Behavior\ParseTemplateBehavior [ RunTime:0.012001s ]
INFO: [ view_parse ] --END-- [ RunTime:0.013001s ]
INFO: [ view_filter ] --START--
INFO: Run Behavior\WriteHtmlCacheBehavior [ RunTime:0.000000s ]
INFO: [ view_filter ] --END-- [ RunTime:0.000000s ]
INFO: [ app_end ] --START--
INFO: Run Behavior\ShowPageTraceBehavior [ RunTime:0.000000s ]
INFO: [ app_end ] --END-- [ RunTime:0.001000s ]

[ 2016-10-08T10:19:55+08:00 ] 127.0.0.1 /home/index/p
INFO: [ app_init ] --START--
INFO: Run Behavior\BuildLiteBehavior [ RunTime:0.000000s ]
INFO: [ app_init ] --END-- [ RunTime:0.000000s ]
INFO: [ app_begin ] --START--
INFO: Run Behavior\ReadHtmlCacheBehavior [ RunTime:0.001000s ]
INFO: [ app_begin ] --END-- [ RunTime:0.001000s ]
NOTIC: [2048] Declaration of Home\Controller\IndexController::show() should be compatible with Think\Controller::show($content, $charset = '', $contentType = '', $prefix = '') E:\wamp\www\ceshi\App\Home\Controller\IndexController.class.php 第 6 行.
SQL: SHOW COLUMNS FROM `ly` [ RunTime:0.0200s ]
NOTIC: [8] Undefined variable: where E:\wamp\www\ceshi\App\Home\Controller\IndexController.class.php 第 43 行.
SQL: SELECT COUNT(*) AS tp_count FROM `ly` LIMIT 1   [ RunTime:0.0010s ]
NOTIC: [8] Undefined variable: where E:\wamp\www\ceshi\App\Home\Controller\IndexController.class.php 第 45 行.
SQL: SELECT `id`,`name`,`pwd` FROM `ly` ORDER BY id LIMIT 0,3   [ RunTime:0.0010s ]
INFO: [ view_parse ] --START--
INFO: [ template_filter ] --START--
INFO: Run Behavior\ContentReplaceBehavior [ RunTime:0.000000s ]
INFO: [ template_filter ] --END-- [ RunTime:0.000000s ]
INFO: Run Behavior\ParseTemplateBehavior [ RunTime:0.012001s ]
INFO: [ view_parse ] --END-- [ RunTime:0.012001s ]
INFO: [ view_filter ] --START--
INFO: Run Behavior\WriteHtmlCacheBehavior [ RunTime:0.000000s ]
INFO: [ view_filter ] --END-- [ RunTime:0.000000s ]
INFO: [ app_end ] --START--
INFO: Run Behavior\ShowPageTraceBehavior [ RunTime:0.000000s ]
INFO: [ app_end ] --END-- [ RunTime:0.001000s ]

[ 2016-10-08T10:19:58+08:00 ] 127.0.0.1 /index.php/Home/Index/p/p/2.html
INFO: [ app_init ] --START--
INFO: Run Behavior\BuildLiteBehavior [ RunTime:0.000000s ]
INFO: [ app_init ] --END-- [ RunTime:0.001000s ]
INFO: [ app_begin ] --START--
INFO: Run Behavior\ReadHtmlCacheBehavior [ RunTime:0.001000s ]
INFO: [ app_begin ] --END-- [ RunTime:0.001000s ]
NOTIC: [2048] Declaration of Home\Controller\IndexController::show() should be compatible with Think\Controller::show($content, $charset = '', $contentType = '', $prefix = '') E:\wamp\www\ceshi\App\Home\Controller\IndexController.class.php 第 6 行.
SQL: SHOW COLUMNS FROM `ly` [ RunTime:0.0020s ]
NOTIC: [8] Undefined variable: where E:\wamp\www\ceshi\App\Home\Controller\IndexController.class.php 第 43 行.
SQL: SELECT COUNT(*) AS tp_count FROM `ly` LIMIT 1   [ RunTime:0.0000s ]
NOTIC: [8] Undefined variable: where E:\wamp\www\ceshi\App\Home\Controller\IndexController.class.php 第 45 行.
SQL: SELECT `id`,`name`,`pwd` FROM `ly` ORDER BY id LIMIT 3,3   [ RunTime:0.0000s ]
INFO: [ view_parse ] --START--
INFO: [ template_filter ] --START--
INFO: Run Behavior\ContentReplaceBehavior [ RunTime:0.000000s ]
INFO: [ template_filter ] --END-- [ RunTime:0.001000s ]
INFO: Run Behavior\ParseTemplateBehavior [ RunTime:0.010001s ]
INFO: [ view_parse ] --END-- [ RunTime:0.010001s ]
INFO: [ view_filter ] --START--
INFO: Run Behavior\WriteHtmlCacheBehavior [ RunTime:0.000000s ]
INFO: [ view_filter ] --END-- [ RunTime:0.000000s ]
INFO: [ app_end ] --START--
INFO: Run Behavior\ShowPageTraceBehavior [ RunTime:0.001000s ]
INFO: [ app_end ] --END-- [ RunTime:0.001000s ]

[ 2016-10-08T10:19:59+08:00 ] 127.0.0.1 /index.php/Home/Index/p/p/3.html
INFO: [ app_init ] --START--
INFO: Run Behavior\BuildLiteBehavior [ RunTime:0.000000s ]
INFO: [ app_init ] --END-- [ RunTime:0.000000s ]
INFO: [ app_begin ] --START--
INFO: Run Behavior\ReadHtmlCacheBehavior [ RunTime:0.001000s ]
INFO: [ app_begin ] --END-- [ RunTime:0.001000s ]
NOTIC: [2048] Declaration of Home\Controller\IndexController::show() should be compatible with Think\Controller::show($content, $charset = '', $contentType = '', $prefix = '') E:\wamp\www\ceshi\App\Home\Controller\IndexController.class.php 第 6 行.
SQL: SHOW COLUMNS FROM `ly` [ RunTime:0.0020s ]
NOTIC: [8] Undefined variable: where E:\wamp\www\ceshi\App\Home\Controller\IndexController.class.php 第 43 行.
SQL: SELECT COUNT(*) AS tp_count FROM `ly` LIMIT 1   [ RunTime:0.0010s ]
NOTIC: [8] Undefined variable: where E:\wamp\www\ceshi\App\Home\Controller\IndexController.class.php 第 45 行.
SQL: SELECT `id`,`name`,`pwd` FROM `ly` ORDER BY id LIMIT 6,3   [ RunTime:0.0000s ]
INFO: [ view_parse ] --START--
INFO: [ template_filter ] --START--
INFO: Run Behavior\ContentReplaceBehavior [ RunTime:0.001000s ]
INFO: [ template_filter ] --END-- [ RunTime:0.001000s ]
INFO: Run Behavior\ParseTemplateBehavior [ RunTime:0.010001s ]
INFO: [ view_parse ] --END-- [ RunTime:0.012001s ]
INFO: [ view_filter ] --START--
INFO: Run Behavior\WriteHtmlCacheBehavior [ RunTime:0.000000s ]
INFO: [ view_filter ] --END-- [ RunTime:0.001000s ]
INFO: [ app_end ] --START--
INFO: Run Behavior\ShowPageTraceBehavior [ RunTime:0.001000s ]
INFO: [ app_end ] --END-- [ RunTime:0.001000s ]

[ 2016-10-08T10:20:00+08:00 ] 127.0.0.1 /index.php/Home/Index/p/p/4.html
INFO: [ app_init ] --START--
INFO: Run Behavior\BuildLiteBehavior [ RunTime:0.000000s ]
INFO: [ app_init ] --END-- [ RunTime:0.000000s ]
INFO: [ app_begin ] --START--
INFO: Run Behavior\ReadHtmlCacheBehavior [ RunTime:0.001000s ]
INFO: [ app_begin ] --END-- [ RunTime:0.001000s ]
NOTIC: [2048] Declaration of Home\Controller\IndexController::show() should be compatible with Think\Controller::show($content, $charset = '', $contentType = '', $prefix = '') E:\wamp\www\ceshi\App\Home\Controller\IndexController.class.php 第 6 行.
SQL: SHOW COLUMNS FROM `ly` [ RunTime:0.0020s ]
NOTIC: [8] Undefined variable: where E:\wamp\www\ceshi\App\Home\Controller\IndexController.class.php 第 43 行.
SQL: SELECT COUNT(*) AS tp_count FROM `ly` LIMIT 1   [ RunTime:0.0000s ]
NOTIC: [8] Undefined variable: where E:\wamp\www\ceshi\App\Home\Controller\IndexController.class.php 第 45 行.
SQL: SELECT `id`,`name`,`pwd` FROM `ly` ORDER BY id LIMIT 9,3   [ RunTime:0.0000s ]
INFO: [ view_parse ] --START--
INFO: [ template_filter ] --START--
INFO: Run Behavior\ContentReplaceBehavior [ RunTime:0.000000s ]
INFO: [ template_filter ] --END-- [ RunTime:0.001000s ]
INFO: Run Behavior\ParseTemplateBehavior [ RunTime:0.012001s ]
INFO: [ view_parse ] --END-- [ RunTime:0.012001s ]
INFO: [ view_filter ] --START--
INFO: Run Behavior\WriteHtmlCacheBehavior [ RunTime:0.000000s ]
INFO: [ view_filter ] --END-- [ RunTime:0.000000s ]
INFO: [ app_end ] --START--
INFO: Run Behavior\ShowPageTraceBehavior [ RunTime:0.000000s ]
INFO: [ app_end ] --END-- [ RunTime:0.000000s ]

[ 2016-10-08T10:20:02+08:00 ] 127.0.0.1 /index.php/Home/Index/p/p/3.html
INFO: [ app_init ] --START--
INFO: Run Behavior\BuildLiteBehavior [ RunTime:0.000000s ]
INFO: [ app_init ] --END-- [ RunTime:0.001000s ]
INFO: [ app_begin ] --START--
INFO: Run Behavior\ReadHtmlCacheBehavior [ RunTime:0.000000s ]
INFO: [ app_begin ] --END-- [ RunTime:0.000000s ]
NOTIC: [2048] Declaration of Home\Controller\IndexController::show() should be compatible with Think\Controller::show($content, $charset = '', $contentType = '', $prefix = '') E:\wamp\www\ceshi\App\Home\Controller\IndexController.class.php 第 6 行.
SQL: SHOW COLUMNS FROM `ly` [ RunTime:0.0020s ]
NOTIC: [8] Undefined variable: where E:\wamp\www\ceshi\App\Home\Controller\IndexController.class.php 第 43 行.
SQL: SELECT COUNT(*) AS tp_count FROM `ly` LIMIT 1   [ RunTime:0.0010s ]
NOTIC: [8] Undefined variable: where E:\wamp\www\ceshi\App\Home\Controller\IndexController.class.php 第 45 行.
SQL: SELECT `id`,`name`,`pwd` FROM `ly` ORDER BY id LIMIT 6,3   [ RunTime:0.0000s ]
INFO: [ view_parse ] --START--
INFO: [ template_filter ] --START--
INFO: Run Behavior\ContentReplaceBehavior [ RunTime:0.000000s ]
INFO: [ template_filter ] --END-- [ RunTime:0.001000s ]
INFO: Run Behavior\ParseTemplateBehavior [ RunTime:0.011001s ]
INFO: [ view_parse ] --END-- [ RunTime:0.011001s ]
INFO: [ view_filter ] --START--
INFO: Run Behavior\WriteHtmlCacheBehavior [ RunTime:0.000000s ]
INFO: [ view_filter ] --END-- [ RunTime:0.001000s ]
INFO: [ app_end ] --START--
INFO: Run Behavior\ShowPageTraceBehavior [ RunTime:0.001000s ]
INFO: [ app_end ] --END-- [ RunTime:0.001000s ]

[ 2016-10-08T10:20:02+08:00 ] 127.0.0.1 /index.php/Home/Index/p/p/2.html
INFO: [ app_init ] --START--
INFO: Run Behavior\BuildLiteBehavior [ RunTime:0.000000s ]
INFO: [ app_init ] --END-- [ RunTime:0.001000s ]
INFO: [ app_begin ] --START--
INFO: Run Behavior\ReadHtmlCacheBehavior [ RunTime:0.000000s ]
INFO: [ app_begin ] --END-- [ RunTime:0.001000s ]
NOTIC: [2048] Declaration of Home\Controller\IndexController::show() should be compatible with Think\Controller::show($content, $charset = '', $contentType = '', $prefix = '') E:\wamp\www\ceshi\App\Home\Controller\IndexController.class.php 第 6 行.
SQL: SHOW COLUMNS FROM `ly` [ RunTime:0.0030s ]
NOTIC: [8] Undefined variable: where E:\wamp\www\ceshi\App\Home\Controller\IndexController.class.php 第 43 行.
SQL: SELECT COUNT(*) AS tp_count FROM `ly` LIMIT 1   [ RunTime:0.0000s ]
NOTIC: [8] Undefined variable: where E:\wamp\www\ceshi\App\Home\Controller\IndexController.class.php 第 45 行.
SQL: SELECT `id`,`name`,`pwd` FROM `ly` ORDER BY id LIMIT 3,3   [ RunTime:0.0010s ]
INFO: [ view_parse ] --START--
INFO: [ template_filter ] --START--
INFO: Run Behavior\ContentReplaceBehavior [ RunTime:0.000000s ]
INFO: [ template_filter ] --END-- [ RunTime:0.000000s ]
INFO: Run Behavior\ParseTemplateBehavior [ RunTime:0.088005s ]
INFO: [ view_parse ] --END-- [ RunTime:0.088005s ]
INFO: [ view_filter ] --START--
INFO: Run Behavior\WriteHtmlCacheBehavior [ RunTime:0.001000s ]
INFO: [ view_filter ] --END-- [ RunTime:0.001000s ]
INFO: [ app_end ] --START--
INFO: Run Behavior\ShowPageTraceBehavior [ RunTime:0.001000s ]
INFO: [ app_end ] --END-- [ RunTime:0.001000s ]

