[ 2016-10-11T10:35:52+08:00 ] 127.0.0.1 /home/index/index
INFO: [ app_init ] --START--
INFO: Run Behavior\BuildLiteBehavior [ RunTime:0.000000s ]
INFO: [ app_init ] --END-- [ RunTime:0.001000s ]
INFO: [ app_begin ] --START--
INFO: Run Behavior\ReadHtmlCacheBehavior [ RunTime:0.001000s ]
INFO: [ app_begin ] --END-- [ RunTime:0.002000s ]
NOTIC: [2048] Declaration of Home\Controller\IndexController::show() should be compatible with Think\Controller::show($content, $charset = '', $contentType = '', $prefix = '') E:\wamp\www\ceshi\App\Home\Controller\IndexController.class.php 第 6 行.
INFO: [ app_end ] --START--
INFO: Run Behavior\ShowPageTraceBehavior [ RunTime:0.001000s ]
INFO: [ app_end ] --END-- [ RunTime:0.001000s ]

[ 2016-10-11T15:13:44+08:00 ] 127.0.0.1 /home/index/index
INFO: [ app_init ] --START--
INFO: Run Behavior\BuildLiteBehavior [ RunTime:0.000000s ]
INFO: [ app_init ] --END-- [ RunTime:0.204011s ]
INFO: [ app_begin ] --START--
INFO: Run Behavior\ReadHtmlCacheBehavior [ RunTime:0.038002s ]
INFO: [ app_begin ] --END-- [ RunTime:0.038002s ]
NOTIC: [2048] Declaration of Home\Controller\IndexController::show() should be compatible with Think\Controller::show($content, $charset = '', $contentType = '', $prefix = '') E:\wamp\www\ceshi\App\Home\Controller\IndexController.class.php 第 6 行.
NOTIC: [8] Undefined index: nonce E:\wamp\www\ceshi\App\Home\Controller\IndexController.class.php 第 9 行.
NOTIC: [8] Undefined index: timestamp E:\wamp\www\ceshi\App\Home\Controller\IndexController.class.php 第 11 行.
NOTIC: [8] Undefined index: echostr E:\wamp\www\ceshi\App\Home\Controller\IndexController.class.php 第 12 行.
NOTIC: [8] Undefined index: signature E:\wamp\www\ceshi\App\Home\Controller\IndexController.class.php 第 13 行.
INFO: [ app_end ] --START--
INFO: Run Behavior\ShowPageTraceBehavior [ RunTime:0.064003s ]
INFO: [ app_end ] --END-- [ RunTime:0.064003s ]

[ 2016-10-11T15:14:14+08:00 ] 127.0.0.1 /home/index/index
INFO: [ app_init ] --START--
INFO: Run Behavior\BuildLiteBehavior [ RunTime:0.000000s ]
INFO: [ app_init ] --END-- [ RunTime:0.000000s ]
INFO: [ app_begin ] --START--
INFO: Run Behavior\ReadHtmlCacheBehavior [ RunTime:0.001000s ]
INFO: [ app_begin ] --END-- [ RunTime:0.001000s ]
NOTIC: [2048] Declaration of Home\Controller\IndexController::show() should be compatible with Think\Controller::show($content, $charset = '', $contentType = '', $prefix = '') E:\wamp\www\ceshi\App\Home\Controller\IndexController.class.php 第 6 行.
NOTIC: [8] Undefined index: nonce E:\wamp\www\ceshi\App\Home\Controller\IndexController.class.php 第 9 行.
NOTIC: [8] Undefined index: timestamp E:\wamp\www\ceshi\App\Home\Controller\IndexController.class.php 第 11 行.
NOTIC: [8] Undefined index: echostr E:\wamp\www\ceshi\App\Home\Controller\IndexController.class.php 第 12 行.
NOTIC: [8] Undefined index: signature E:\wamp\www\ceshi\App\Home\Controller\IndexController.class.php 第 13 行.
INFO: [ app_end ] --START--
INFO: Run Behavior\ShowPageTraceBehavior [ RunTime:0.001000s ]
INFO: [ app_end ] --END-- [ RunTime:0.001000s ]

