[ 2016-10-31T13:35:50+08:00 ] ::1 /ceshi/index.php
INFO: [ app_init ] --START--
INFO: Run Behavior\BuildLiteBehavior [ RunTime:0.000000s ]
INFO: [ app_init ] --END-- [ RunTime:0.001000s ]
INFO: [ app_begin ] --START--
INFO: Run Behavior\ReadHtmlCacheBehavior [ RunTime:0.001000s ]
INFO: [ app_begin ] --END-- [ RunTime:0.001000s ]
INFO: [ view_parse ] --START--
INFO: [ template_filter ] --START--
INFO: Run Behavior\ContentReplaceBehavior [ RunTime:0.001000s ]
INFO: [ template_filter ] --END-- [ RunTime:0.001000s ]
INFO: Run Behavior\ParseTemplateBehavior [ RunTime:0.012001s ]
INFO: [ view_parse ] --END-- [ RunTime:0.012001s ]
INFO: [ view_filter ] --START--
INFO: Run Behavior\WriteHtmlCacheBehavior [ RunTime:0.001000s ]
INFO: [ view_filter ] --END-- [ RunTime:0.001000s ]
INFO: [ app_end ] --START--
INFO: Run Behavior\ShowPageTraceBehavior [ RunTime:0.001000s ]
INFO: [ app_end ] --END-- [ RunTime:0.001000s ]

[ 2016-10-31T14:25:17+08:00 ] 192.168.0.33 /index.php/Wap/Index/index
INFO: [ app_init ] --START--
INFO: Run Behavior\BuildLiteBehavior [ RunTime:0.000000s ]
INFO: [ app_init ] --END-- [ RunTime:0.003001s ]
INFO: [ app_begin ] --START--
INFO: Run Behavior\ReadHtmlCacheBehavior [ RunTime:0.001000s ]
INFO: [ app_begin ] --END-- [ RunTime:0.002000s ]
NOTIC: [8] Undefined index: echostr D:\project\wamp\www\ceshi\App\Wap\Controller\IndexController.class.php 第 8 行.
NOTIC: [8] Undefined index: signature D:\project\wamp\www\ceshi\App\Wap\Controller\IndexController.class.php 第 9 行.
NOTIC: [8] Undefined index: timestamp D:\project\wamp\www\ceshi\App\Wap\Controller\IndexController.class.php 第 10 行.
NOTIC: [8] Undefined index: nonce D:\project\wamp\www\ceshi\App\Wap\Controller\IndexController.class.php 第 11 行.
INFO: [ app_end ] --START--
INFO: Run Behavior\ShowPageTraceBehavior [ RunTime:0.002000s ]
INFO: [ app_end ] --END-- [ RunTime:0.002000s ]

[ 2016-10-31T14:25:19+08:00 ] 192.168.0.33 /index.php/Wap/Index/index
INFO: [ app_init ] --START--
INFO: Run Behavior\BuildLiteBehavior [ RunTime:0.000000s ]
INFO: [ app_init ] --END-- [ RunTime:0.001000s ]
INFO: [ app_begin ] --START--
INFO: Run Behavior\ReadHtmlCacheBehavior [ RunTime:0.001000s ]
INFO: [ app_begin ] --END-- [ RunTime:0.001000s ]
NOTIC: [8] Undefined index: echostr D:\project\wamp\www\ceshi\App\Wap\Controller\IndexController.class.php 第 8 行.
NOTIC: [8] Undefined index: signature D:\project\wamp\www\ceshi\App\Wap\Controller\IndexController.class.php 第 9 行.
NOTIC: [8] Undefined index: timestamp D:\project\wamp\www\ceshi\App\Wap\Controller\IndexController.class.php 第 10 行.
NOTIC: [8] Undefined index: nonce D:\project\wamp\www\ceshi\App\Wap\Controller\IndexController.class.php 第 11 行.
INFO: [ app_end ] --START--
INFO: Run Behavior\ShowPageTraceBehavior [ RunTime:0.001000s ]
INFO: [ app_end ] --END-- [ RunTime:0.001000s ]

[ 2016-10-31T14:25:20+08:00 ] 192.168.0.33 /index.php/Wap/Index/index
INFO: [ app_init ] --START--
INFO: Run Behavior\BuildLiteBehavior [ RunTime:0.000000s ]
INFO: [ app_init ] --END-- [ RunTime:0.001000s ]
INFO: [ app_begin ] --START--
INFO: Run Behavior\ReadHtmlCacheBehavior [ RunTime:0.001000s ]
INFO: [ app_begin ] --END-- [ RunTime:0.001000s ]
NOTIC: [8] Undefined index: echostr D:\project\wamp\www\ceshi\App\Wap\Controller\IndexController.class.php 第 8 行.
NOTIC: [8] Undefined index: signature D:\project\wamp\www\ceshi\App\Wap\Controller\IndexController.class.php 第 9 行.
NOTIC: [8] Undefined index: timestamp D:\project\wamp\www\ceshi\App\Wap\Controller\IndexController.class.php 第 10 行.
NOTIC: [8] Undefined index: nonce D:\project\wamp\www\ceshi\App\Wap\Controller\IndexController.class.php 第 11 行.
INFO: [ app_end ] --START--
INFO: Run Behavior\ShowPageTraceBehavior [ RunTime:0.001000s ]
INFO: [ app_end ] --END-- [ RunTime:0.001000s ]

[ 2016-10-31T14:25:20+08:00 ] 192.168.0.33 /index.php/Wap/Index/index
INFO: [ app_init ] --START--
INFO: Run Behavior\BuildLiteBehavior [ RunTime:0.000000s ]
INFO: [ app_init ] --END-- [ RunTime:0.002000s ]
INFO: [ app_begin ] --START--
INFO: Run Behavior\ReadHtmlCacheBehavior [ RunTime:0.001000s ]
INFO: [ app_begin ] --END-- [ RunTime:0.001000s ]
NOTIC: [8] Undefined index: echostr D:\project\wamp\www\ceshi\App\Wap\Controller\IndexController.class.php 第 8 行.
NOTIC: [8] Undefined index: signature D:\project\wamp\www\ceshi\App\Wap\Controller\IndexController.class.php 第 9 行.
NOTIC: [8] Undefined index: timestamp D:\project\wamp\www\ceshi\App\Wap\Controller\IndexController.class.php 第 10 行.
NOTIC: [8] Undefined index: nonce D:\project\wamp\www\ceshi\App\Wap\Controller\IndexController.class.php 第 11 行.
INFO: [ app_end ] --START--
INFO: Run Behavior\ShowPageTraceBehavior [ RunTime:0.000000s ]
INFO: [ app_end ] --END-- [ RunTime:0.000000s ]

[ 2016-10-31T14:25:21+08:00 ] 192.168.0.33 /index.php/Wap/Index/index
INFO: [ app_init ] --START--
INFO: Run Behavior\BuildLiteBehavior [ RunTime:0.000000s ]
INFO: [ app_init ] --END-- [ RunTime:0.001000s ]
INFO: [ app_begin ] --START--
INFO: Run Behavior\ReadHtmlCacheBehavior [ RunTime:0.001000s ]
INFO: [ app_begin ] --END-- [ RunTime:0.001000s ]
NOTIC: [8] Undefined index: echostr D:\project\wamp\www\ceshi\App\Wap\Controller\IndexController.class.php 第 8 行.
NOTIC: [8] Undefined index: signature D:\project\wamp\www\ceshi\App\Wap\Controller\IndexController.class.php 第 9 行.
NOTIC: [8] Undefined index: timestamp D:\project\wamp\www\ceshi\App\Wap\Controller\IndexController.class.php 第 10 行.
NOTIC: [8] Undefined index: nonce D:\project\wamp\www\ceshi\App\Wap\Controller\IndexController.class.php 第 11 行.
INFO: [ app_end ] --START--
INFO: Run Behavior\ShowPageTraceBehavior [ RunTime:0.000000s ]
INFO: [ app_end ] --END-- [ RunTime:0.001000s ]

[ 2016-10-31T14:25:21+08:00 ] 192.168.0.33 /index.php/Wap/Index/index
INFO: [ app_init ] --START--
INFO: Run Behavior\BuildLiteBehavior [ RunTime:0.000000s ]
INFO: [ app_init ] --END-- [ RunTime:0.001000s ]
INFO: [ app_begin ] --START--
INFO: Run Behavior\ReadHtmlCacheBehavior [ RunTime:0.001000s ]
INFO: [ app_begin ] --END-- [ RunTime:0.001000s ]
NOTIC: [8] Undefined index: echostr D:\project\wamp\www\ceshi\App\Wap\Controller\IndexController.class.php 第 8 行.
NOTIC: [8] Undefined index: signature D:\project\wamp\www\ceshi\App\Wap\Controller\IndexController.class.php 第 9 行.
NOTIC: [8] Undefined index: timestamp D:\project\wamp\www\ceshi\App\Wap\Controller\IndexController.class.php 第 10 行.
NOTIC: [8] Undefined index: nonce D:\project\wamp\www\ceshi\App\Wap\Controller\IndexController.class.php 第 11 行.
INFO: [ app_end ] --START--
INFO: Run Behavior\ShowPageTraceBehavior [ RunTime:0.000000s ]
INFO: [ app_end ] --END-- [ RunTime:0.001000s ]

[ 2016-10-31T14:25:21+08:00 ] 192.168.0.33 /index.php/Wap/Index/index
INFO: [ app_init ] --START--
INFO: Run Behavior\BuildLiteBehavior [ RunTime:0.000000s ]
INFO: [ app_init ] --END-- [ RunTime:0.001000s ]
INFO: [ app_begin ] --START--
INFO: Run Behavior\ReadHtmlCacheBehavior [ RunTime:0.001000s ]
INFO: [ app_begin ] --END-- [ RunTime:0.002000s ]
NOTIC: [8] Undefined index: echostr D:\project\wamp\www\ceshi\App\Wap\Controller\IndexController.class.php 第 8 行.
NOTIC: [8] Undefined index: signature D:\project\wamp\www\ceshi\App\Wap\Controller\IndexController.class.php 第 9 行.
NOTIC: [8] Undefined index: timestamp D:\project\wamp\www\ceshi\App\Wap\Controller\IndexController.class.php 第 10 行.
NOTIC: [8] Undefined index: nonce D:\project\wamp\www\ceshi\App\Wap\Controller\IndexController.class.php 第 11 行.
INFO: [ app_end ] --START--
INFO: Run Behavior\ShowPageTraceBehavior [ RunTime:0.001000s ]
INFO: [ app_end ] --END-- [ RunTime:0.001000s ]

[ 2016-10-31T14:25:21+08:00 ] 192.168.0.33 /index.php/Wap/Index/index
INFO: [ app_init ] --START--
INFO: Run Behavior\BuildLiteBehavior [ RunTime:0.000000s ]
INFO: [ app_init ] --END-- [ RunTime:0.001000s ]
INFO: [ app_begin ] --START--
INFO: Run Behavior\ReadHtmlCacheBehavior [ RunTime:0.001001s ]
INFO: [ app_begin ] --END-- [ RunTime:0.001001s ]
NOTIC: [8] Undefined index: echostr D:\project\wamp\www\ceshi\App\Wap\Controller\IndexController.class.php 第 8 行.
NOTIC: [8] Undefined index: signature D:\project\wamp\www\ceshi\App\Wap\Controller\IndexController.class.php 第 9 行.
NOTIC: [8] Undefined index: timestamp D:\project\wamp\www\ceshi\App\Wap\Controller\IndexController.class.php 第 10 行.
NOTIC: [8] Undefined index: nonce D:\project\wamp\www\ceshi\App\Wap\Controller\IndexController.class.php 第 11 行.
INFO: [ app_end ] --START--
INFO: Run Behavior\ShowPageTraceBehavior [ RunTime:0.001000s ]
INFO: [ app_end ] --END-- [ RunTime:0.001000s ]

[ 2016-10-31T14:25:22+08:00 ] 192.168.0.33 /index.php/Wap/Index/index
INFO: [ app_init ] --START--
INFO: Run Behavior\BuildLiteBehavior [ RunTime:0.000000s ]
INFO: [ app_init ] --END-- [ RunTime:0.000000s ]
INFO: [ app_begin ] --START--
INFO: Run Behavior\ReadHtmlCacheBehavior [ RunTime:0.001000s ]
INFO: [ app_begin ] --END-- [ RunTime:0.001000s ]
NOTIC: [8] Undefined index: echostr D:\project\wamp\www\ceshi\App\Wap\Controller\IndexController.class.php 第 8 行.
NOTIC: [8] Undefined index: signature D:\project\wamp\www\ceshi\App\Wap\Controller\IndexController.class.php 第 9 行.
NOTIC: [8] Undefined index: timestamp D:\project\wamp\www\ceshi\App\Wap\Controller\IndexController.class.php 第 10 行.
NOTIC: [8] Undefined index: nonce D:\project\wamp\www\ceshi\App\Wap\Controller\IndexController.class.php 第 11 行.
INFO: [ app_end ] --START--
INFO: Run Behavior\ShowPageTraceBehavior [ RunTime:0.000000s ]
INFO: [ app_end ] --END-- [ RunTime:0.001000s ]

[ 2016-10-31T14:25:22+08:00 ] 192.168.0.33 /index.php/Wap/Index/index
INFO: [ app_init ] --START--
INFO: Run Behavior\BuildLiteBehavior [ RunTime:0.000000s ]
INFO: [ app_init ] --END-- [ RunTime:0.000000s ]
INFO: [ app_begin ] --START--
INFO: Run Behavior\ReadHtmlCacheBehavior [ RunTime:0.001001s ]
INFO: [ app_begin ] --END-- [ RunTime:0.001001s ]
NOTIC: [8] Undefined index: echostr D:\project\wamp\www\ceshi\App\Wap\Controller\IndexController.class.php 第 8 行.
NOTIC: [8] Undefined index: signature D:\project\wamp\www\ceshi\App\Wap\Controller\IndexController.class.php 第 9 行.
NOTIC: [8] Undefined index: timestamp D:\project\wamp\www\ceshi\App\Wap\Controller\IndexController.class.php 第 10 行.
NOTIC: [8] Undefined index: nonce D:\project\wamp\www\ceshi\App\Wap\Controller\IndexController.class.php 第 11 行.
INFO: [ app_end ] --START--
INFO: Run Behavior\ShowPageTraceBehavior [ RunTime:0.001000s ]
INFO: [ app_end ] --END-- [ RunTime:0.001000s ]

[ 2016-10-31T14:25:22+08:00 ] 192.168.0.33 /index.php/Wap/Index/index
INFO: [ app_init ] --START--
INFO: Run Behavior\BuildLiteBehavior [ RunTime:0.000000s ]
INFO: [ app_init ] --END-- [ RunTime:0.001000s ]
INFO: [ app_begin ] --START--
INFO: Run Behavior\ReadHtmlCacheBehavior [ RunTime:0.001000s ]
INFO: [ app_begin ] --END-- [ RunTime:0.001000s ]
NOTIC: [8] Undefined index: echostr D:\project\wamp\www\ceshi\App\Wap\Controller\IndexController.class.php 第 8 行.
NOTIC: [8] Undefined index: signature D:\project\wamp\www\ceshi\App\Wap\Controller\IndexController.class.php 第 9 行.
NOTIC: [8] Undefined index: timestamp D:\project\wamp\www\ceshi\App\Wap\Controller\IndexController.class.php 第 10 行.
NOTIC: [8] Undefined index: nonce D:\project\wamp\www\ceshi\App\Wap\Controller\IndexController.class.php 第 11 行.
INFO: [ app_end ] --START--
INFO: Run Behavior\ShowPageTraceBehavior [ RunTime:0.000000s ]
INFO: [ app_end ] --END-- [ RunTime:0.002001s ]

[ 2016-10-31T14:28:25+08:00 ] 192.168.0.33 /index.php/Wap/Index/index
INFO: [ app_init ] --START--
INFO: Run Behavior\BuildLiteBehavior [ RunTime:0.000000s ]
INFO: [ app_init ] --END-- [ RunTime:0.001000s ]
INFO: [ app_begin ] --START--
INFO: Run Behavior\ReadHtmlCacheBehavior [ RunTime:0.000000s ]
INFO: [ app_begin ] --END-- [ RunTime:0.001000s ]
NOTIC: [8] Undefined index: echostr D:\project\wamp\www\ceshi\App\Wap\Controller\IndexController.class.php 第 8 行.
NOTIC: [8] Undefined index: signature D:\project\wamp\www\ceshi\App\Wap\Controller\IndexController.class.php 第 9 行.
NOTIC: [8] Undefined index: timestamp D:\project\wamp\www\ceshi\App\Wap\Controller\IndexController.class.php 第 10 行.
NOTIC: [8] Undefined index: nonce D:\project\wamp\www\ceshi\App\Wap\Controller\IndexController.class.php 第 11 行.
INFO: [ app_end ] --START--
INFO: Run Behavior\ShowPageTraceBehavior [ RunTime:0.000000s ]
INFO: [ app_end ] --END-- [ RunTime:0.000000s ]

[ 2016-10-31T14:28:26+08:00 ] 192.168.0.33 /index.php/Wap/Index/index
INFO: [ app_init ] --START--
INFO: Run Behavior\BuildLiteBehavior [ RunTime:0.000000s ]
INFO: [ app_init ] --END-- [ RunTime:0.001000s ]
INFO: [ app_begin ] --START--
INFO: Run Behavior\ReadHtmlCacheBehavior [ RunTime:0.000000s ]
INFO: [ app_begin ] --END-- [ RunTime:0.002000s ]
NOTIC: [8] Undefined index: echostr D:\project\wamp\www\ceshi\App\Wap\Controller\IndexController.class.php 第 8 行.
NOTIC: [8] Undefined index: signature D:\project\wamp\www\ceshi\App\Wap\Controller\IndexController.class.php 第 9 行.
NOTIC: [8] Undefined index: timestamp D:\project\wamp\www\ceshi\App\Wap\Controller\IndexController.class.php 第 10 行.
NOTIC: [8] Undefined index: nonce D:\project\wamp\www\ceshi\App\Wap\Controller\IndexController.class.php 第 11 行.
INFO: [ app_end ] --START--
INFO: Run Behavior\ShowPageTraceBehavior [ RunTime:0.001000s ]
INFO: [ app_end ] --END-- [ RunTime:0.001000s ]

[ 2016-10-31T14:28:26+08:00 ] 192.168.0.33 /index.php/Wap/Index/index
INFO: [ app_init ] --START--
INFO: Run Behavior\BuildLiteBehavior [ RunTime:0.000000s ]
INFO: [ app_init ] --END-- [ RunTime:0.001000s ]
INFO: [ app_begin ] --START--
INFO: Run Behavior\ReadHtmlCacheBehavior [ RunTime:0.001000s ]
INFO: [ app_begin ] --END-- [ RunTime:0.002000s ]
NOTIC: [8] Undefined index: echostr D:\project\wamp\www\ceshi\App\Wap\Controller\IndexController.class.php 第 8 行.
NOTIC: [8] Undefined index: signature D:\project\wamp\www\ceshi\App\Wap\Controller\IndexController.class.php 第 9 行.
NOTIC: [8] Undefined index: timestamp D:\project\wamp\www\ceshi\App\Wap\Controller\IndexController.class.php 第 10 行.
NOTIC: [8] Undefined index: nonce D:\project\wamp\www\ceshi\App\Wap\Controller\IndexController.class.php 第 11 行.
INFO: [ app_end ] --START--
INFO: Run Behavior\ShowPageTraceBehavior [ RunTime:0.000000s ]
INFO: [ app_end ] --END-- [ RunTime:0.002000s ]

[ 2016-10-31T14:28:27+08:00 ] 192.168.0.33 /index.php/Wap/Index/index
INFO: [ app_init ] --START--
INFO: Run Behavior\BuildLiteBehavior [ RunTime:0.000000s ]
INFO: [ app_init ] --END-- [ RunTime:0.001000s ]
INFO: [ app_begin ] --START--
INFO: Run Behavior\ReadHtmlCacheBehavior [ RunTime:0.001000s ]
INFO: [ app_begin ] --END-- [ RunTime:0.001000s ]
NOTIC: [8] Undefined index: echostr D:\project\wamp\www\ceshi\App\Wap\Controller\IndexController.class.php 第 8 行.
NOTIC: [8] Undefined index: signature D:\project\wamp\www\ceshi\App\Wap\Controller\IndexController.class.php 第 9 行.
NOTIC: [8] Undefined index: timestamp D:\project\wamp\www\ceshi\App\Wap\Controller\IndexController.class.php 第 10 行.
NOTIC: [8] Undefined index: nonce D:\project\wamp\www\ceshi\App\Wap\Controller\IndexController.class.php 第 11 行.
INFO: [ app_end ] --START--
INFO: Run Behavior\ShowPageTraceBehavior [ RunTime:0.001000s ]
INFO: [ app_end ] --END-- [ RunTime:0.002000s ]

[ 2016-10-31T14:28:28+08:00 ] 192.168.0.33 /index.php/Wap/Index/index
INFO: [ app_init ] --START--
INFO: Run Behavior\BuildLiteBehavior [ RunTime:0.000000s ]
INFO: [ app_init ] --END-- [ RunTime:0.001000s ]
INFO: [ app_begin ] --START--
INFO: Run Behavior\ReadHtmlCacheBehavior [ RunTime:0.001000s ]
INFO: [ app_begin ] --END-- [ RunTime:0.001000s ]
NOTIC: [8] Undefined index: echostr D:\project\wamp\www\ceshi\App\Wap\Controller\IndexController.class.php 第 8 行.
NOTIC: [8] Undefined index: signature D:\project\wamp\www\ceshi\App\Wap\Controller\IndexController.class.php 第 9 行.
NOTIC: [8] Undefined index: timestamp D:\project\wamp\www\ceshi\App\Wap\Controller\IndexController.class.php 第 10 行.
NOTIC: [8] Undefined index: nonce D:\project\wamp\www\ceshi\App\Wap\Controller\IndexController.class.php 第 11 行.
INFO: [ app_end ] --START--
INFO: Run Behavior\ShowPageTraceBehavior [ RunTime:0.001000s ]
INFO: [ app_end ] --END-- [ RunTime:0.002000s ]

[ 2016-10-31T14:28:28+08:00 ] 192.168.0.33 /index.php/Wap/Index/index
INFO: [ app_init ] --START--
INFO: Run Behavior\BuildLiteBehavior [ RunTime:0.000000s ]
INFO: [ app_init ] --END-- [ RunTime:0.001000s ]
INFO: [ app_begin ] --START--
INFO: Run Behavior\ReadHtmlCacheBehavior [ RunTime:0.001000s ]
INFO: [ app_begin ] --END-- [ RunTime:0.001000s ]
NOTIC: [8] Undefined index: echostr D:\project\wamp\www\ceshi\App\Wap\Controller\IndexController.class.php 第 8 行.
NOTIC: [8] Undefined index: signature D:\project\wamp\www\ceshi\App\Wap\Controller\IndexController.class.php 第 9 行.
NOTIC: [8] Undefined index: timestamp D:\project\wamp\www\ceshi\App\Wap\Controller\IndexController.class.php 第 10 行.
NOTIC: [8] Undefined index: nonce D:\project\wamp\www\ceshi\App\Wap\Controller\IndexController.class.php 第 11 行.
INFO: [ app_end ] --START--
INFO: Run Behavior\ShowPageTraceBehavior [ RunTime:0.001000s ]
INFO: [ app_end ] --END-- [ RunTime:0.002000s ]

[ 2016-10-31T14:28:28+08:00 ] 192.168.0.33 /index.php/Wap/Index/index
INFO: [ app_init ] --START--
INFO: Run Behavior\BuildLiteBehavior [ RunTime:0.000000s ]
INFO: [ app_init ] --END-- [ RunTime:0.001000s ]
INFO: [ app_begin ] --START--
INFO: Run Behavior\ReadHtmlCacheBehavior [ RunTime:0.001000s ]
INFO: [ app_begin ] --END-- [ RunTime:0.002000s ]
NOTIC: [8] Undefined index: echostr D:\project\wamp\www\ceshi\App\Wap\Controller\IndexController.class.php 第 8 行.
NOTIC: [8] Undefined index: signature D:\project\wamp\www\ceshi\App\Wap\Controller\IndexController.class.php 第 9 行.
NOTIC: [8] Undefined index: timestamp D:\project\wamp\www\ceshi\App\Wap\Controller\IndexController.class.php 第 10 行.
NOTIC: [8] Undefined index: nonce D:\project\wamp\www\ceshi\App\Wap\Controller\IndexController.class.php 第 11 行.
INFO: [ app_end ] --START--
INFO: Run Behavior\ShowPageTraceBehavior [ RunTime:0.001000s ]
INFO: [ app_end ] --END-- [ RunTime:0.002000s ]

[ 2016-10-31T14:28:32+08:00 ] 192.168.0.33 /index.php/Wap/Index/index
INFO: [ app_init ] --START--
INFO: Run Behavior\BuildLiteBehavior [ RunTime:0.000000s ]
INFO: [ app_init ] --END-- [ RunTime:0.001000s ]
INFO: [ app_begin ] --START--
INFO: Run Behavior\ReadHtmlCacheBehavior [ RunTime:0.001000s ]
INFO: [ app_begin ] --END-- [ RunTime:0.002000s ]
NOTIC: [8] Undefined index: echostr D:\project\wamp\www\ceshi\App\Wap\Controller\IndexController.class.php 第 8 行.
NOTIC: [8] Undefined index: signature D:\project\wamp\www\ceshi\App\Wap\Controller\IndexController.class.php 第 9 行.
NOTIC: [8] Undefined index: timestamp D:\project\wamp\www\ceshi\App\Wap\Controller\IndexController.class.php 第 10 行.
NOTIC: [8] Undefined index: nonce D:\project\wamp\www\ceshi\App\Wap\Controller\IndexController.class.php 第 11 行.
INFO: [ app_end ] --START--
INFO: Run Behavior\ShowPageTraceBehavior [ RunTime:0.001000s ]
INFO: [ app_end ] --END-- [ RunTime:0.001000s ]

[ 2016-10-31T14:28:35+08:00 ] 192.168.0.33 /index.php/Wap/Index/index
INFO: [ app_init ] --START--
INFO: Run Behavior\BuildLiteBehavior [ RunTime:0.000000s ]
INFO: [ app_init ] --END-- [ RunTime:0.001000s ]
INFO: [ app_begin ] --START--
INFO: Run Behavior\ReadHtmlCacheBehavior [ RunTime:0.001000s ]
INFO: [ app_begin ] --END-- [ RunTime:0.002000s ]
NOTIC: [8] Undefined index: echostr D:\project\wamp\www\ceshi\App\Wap\Controller\IndexController.class.php 第 8 行.
NOTIC: [8] Undefined index: signature D:\project\wamp\www\ceshi\App\Wap\Controller\IndexController.class.php 第 9 行.
NOTIC: [8] Undefined index: timestamp D:\project\wamp\www\ceshi\App\Wap\Controller\IndexController.class.php 第 10 行.
NOTIC: [8] Undefined index: nonce D:\project\wamp\www\ceshi\App\Wap\Controller\IndexController.class.php 第 11 行.
INFO: [ app_end ] --START--
INFO: Run Behavior\ShowPageTraceBehavior [ RunTime:0.001000s ]
INFO: [ app_end ] --END-- [ RunTime:0.001000s ]

[ 2016-10-31T14:29:06+08:00 ] ::1 /index.php/Wap/Index/index
INFO: [ app_init ] --START--
INFO: Run Behavior\BuildLiteBehavior [ RunTime:0.000000s ]
INFO: [ app_init ] --END-- [ RunTime:0.002000s ]
INFO: [ app_begin ] --START--
INFO: Run Behavior\ReadHtmlCacheBehavior [ RunTime:0.001000s ]
INFO: [ app_begin ] --END-- [ RunTime:0.001000s ]
NOTIC: [8] Undefined index: echostr D:\project\wamp\www\ceshi\App\Wap\Controller\IndexController.class.php 第 8 行.
NOTIC: [8] Undefined index: signature D:\project\wamp\www\ceshi\App\Wap\Controller\IndexController.class.php 第 9 行.
NOTIC: [8] Undefined index: timestamp D:\project\wamp\www\ceshi\App\Wap\Controller\IndexController.class.php 第 10 行.
NOTIC: [8] Undefined index: nonce D:\project\wamp\www\ceshi\App\Wap\Controller\IndexController.class.php 第 11 行.
INFO: [ app_end ] --START--
INFO: Run Behavior\ShowPageTraceBehavior [ RunTime:0.001000s ]
INFO: [ app_end ] --END-- [ RunTime:0.002000s ]

[ 2016-10-31T14:29:14+08:00 ] ::1 /index.php/Wap/Index/index.html
INFO: [ app_init ] --START--
INFO: Run Behavior\BuildLiteBehavior [ RunTime:0.001000s ]
INFO: [ app_init ] --END-- [ RunTime:0.001000s ]
INFO: [ app_begin ] --START--
INFO: Run Behavior\ReadHtmlCacheBehavior [ RunTime:0.001000s ]
INFO: [ app_begin ] --END-- [ RunTime:0.002000s ]
NOTIC: [8] Undefined index: echostr D:\project\wamp\www\ceshi\App\Wap\Controller\IndexController.class.php 第 8 行.
NOTIC: [8] Undefined index: signature D:\project\wamp\www\ceshi\App\Wap\Controller\IndexController.class.php 第 9 行.
NOTIC: [8] Undefined index: timestamp D:\project\wamp\www\ceshi\App\Wap\Controller\IndexController.class.php 第 10 行.
NOTIC: [8] Undefined index: nonce D:\project\wamp\www\ceshi\App\Wap\Controller\IndexController.class.php 第 11 行.
INFO: [ app_end ] --START--
INFO: Run Behavior\ShowPageTraceBehavior [ RunTime:0.001000s ]
INFO: [ app_end ] --END-- [ RunTime:0.002000s ]

[ 2016-10-31T14:30:20+08:00 ] ::1 /index.php/Wap/Index/index.html
INFO: [ app_init ] --START--
INFO: Run Behavior\BuildLiteBehavior [ RunTime:0.000000s ]
INFO: [ app_init ] --END-- [ RunTime:0.000000s ]
INFO: [ app_begin ] --START--
INFO: Run Behavior\ReadHtmlCacheBehavior [ RunTime:0.000000s ]
INFO: [ app_begin ] --END-- [ RunTime:0.001000s ]
NOTIC: [8] Undefined index: echostr D:\project\wamp\www\ceshi\App\Wap\Controller\IndexController.class.php 第 8 行.
NOTIC: [8] Undefined index: signature D:\project\wamp\www\ceshi\App\Wap\Controller\IndexController.class.php 第 9 行.
NOTIC: [8] Undefined index: timestamp D:\project\wamp\www\ceshi\App\Wap\Controller\IndexController.class.php 第 10 行.
NOTIC: [8] Undefined index: nonce D:\project\wamp\www\ceshi\App\Wap\Controller\IndexController.class.php 第 11 行.
INFO: [ view_parse ] --START--
INFO: [ template_filter ] --START--
INFO: Run Behavior\ContentReplaceBehavior [ RunTime:0.001000s ]
INFO: [ template_filter ] --END-- [ RunTime:0.002000s ]
INFO: Run Behavior\ParseTemplateBehavior [ RunTime:0.016001s ]
INFO: [ view_parse ] --END-- [ RunTime:0.017001s ]
INFO: [ view_filter ] --START--
INFO: Run Behavior\WriteHtmlCacheBehavior [ RunTime:0.002000s ]
INFO: [ view_filter ] --END-- [ RunTime:0.002000s ]
INFO: [ app_end ] --START--
INFO: Run Behavior\ShowPageTraceBehavior [ RunTime:0.001000s ]
INFO: [ app_end ] --END-- [ RunTime:0.001000s ]

[ 2016-10-31T14:30:20+08:00 ] ::1 /index.php/Wap/Index/index.html
INFO: [ app_init ] --START--
INFO: Run Behavior\BuildLiteBehavior [ RunTime:0.000000s ]
INFO: [ app_init ] --END-- [ RunTime:0.001000s ]
INFO: [ app_begin ] --START--
INFO: Run Behavior\ReadHtmlCacheBehavior [ RunTime:0.001000s ]
INFO: [ app_begin ] --END-- [ RunTime:0.001000s ]
NOTIC: [8] Undefined index: echostr D:\project\wamp\www\ceshi\App\Wap\Controller\IndexController.class.php 第 8 行.
NOTIC: [8] Undefined index: signature D:\project\wamp\www\ceshi\App\Wap\Controller\IndexController.class.php 第 9 行.
NOTIC: [8] Undefined index: timestamp D:\project\wamp\www\ceshi\App\Wap\Controller\IndexController.class.php 第 10 行.
NOTIC: [8] Undefined index: nonce D:\project\wamp\www\ceshi\App\Wap\Controller\IndexController.class.php 第 11 行.
INFO: [ view_parse ] --START--
INFO: [ template_filter ] --START--
INFO: Run Behavior\ContentReplaceBehavior [ RunTime:0.000000s ]
INFO: [ template_filter ] --END-- [ RunTime:0.001000s ]
INFO: Run Behavior\ParseTemplateBehavior [ RunTime:0.009001s ]
INFO: [ view_parse ] --END-- [ RunTime:0.009001s ]
INFO: [ view_filter ] --START--
INFO: Run Behavior\WriteHtmlCacheBehavior [ RunTime:0.001000s ]
INFO: [ view_filter ] --END-- [ RunTime:0.001000s ]
INFO: [ app_end ] --START--
INFO: Run Behavior\ShowPageTraceBehavior [ RunTime:0.001000s ]
INFO: [ app_end ] --END-- [ RunTime:0.001000s ]

[ 2016-10-31T14:30:21+08:00 ] ::1 /index.php/Wap/Index/index.html
INFO: [ app_init ] --START--
INFO: Run Behavior\BuildLiteBehavior [ RunTime:0.000000s ]
INFO: [ app_init ] --END-- [ RunTime:0.000000s ]
INFO: [ app_begin ] --START--
INFO: Run Behavior\ReadHtmlCacheBehavior [ RunTime:0.000000s ]
INFO: [ app_begin ] --END-- [ RunTime:0.001000s ]
NOTIC: [8] Undefined index: echostr D:\project\wamp\www\ceshi\App\Wap\Controller\IndexController.class.php 第 8 行.
NOTIC: [8] Undefined index: signature D:\project\wamp\www\ceshi\App\Wap\Controller\IndexController.class.php 第 9 行.
NOTIC: [8] Undefined index: timestamp D:\project\wamp\www\ceshi\App\Wap\Controller\IndexController.class.php 第 10 行.
NOTIC: [8] Undefined index: nonce D:\project\wamp\www\ceshi\App\Wap\Controller\IndexController.class.php 第 11 行.
INFO: [ view_parse ] --START--
INFO: [ template_filter ] --START--
INFO: Run Behavior\ContentReplaceBehavior [ RunTime:0.000000s ]
INFO: [ template_filter ] --END-- [ RunTime:0.000000s ]
INFO: Run Behavior\ParseTemplateBehavior [ RunTime:0.008000s ]
INFO: [ view_parse ] --END-- [ RunTime:0.008000s ]
INFO: [ view_filter ] --START--
INFO: Run Behavior\WriteHtmlCacheBehavior [ RunTime:0.001000s ]
INFO: [ view_filter ] --END-- [ RunTime:0.001000s ]
INFO: [ app_end ] --START--
INFO: Run Behavior\ShowPageTraceBehavior [ RunTime:0.002000s ]
INFO: [ app_end ] --END-- [ RunTime:0.002000s ]

[ 2016-10-31T14:30:31+08:00 ] ::1 /index.php/Wap/Index/index.html
INFO: [ app_init ] --START--
INFO: Run Behavior\BuildLiteBehavior [ RunTime:0.001000s ]
INFO: [ app_init ] --END-- [ RunTime:0.001000s ]
INFO: [ app_begin ] --START--
INFO: Run Behavior\ReadHtmlCacheBehavior [ RunTime:0.001000s ]
INFO: [ app_begin ] --END-- [ RunTime:0.001000s ]
INFO: [ view_parse ] --START--
INFO: [ template_filter ] --START--
INFO: Run Behavior\ContentReplaceBehavior [ RunTime:0.000000s ]
INFO: [ template_filter ] --END-- [ RunTime:0.001000s ]
INFO: Run Behavior\ParseTemplateBehavior [ RunTime:0.009001s ]
INFO: [ view_parse ] --END-- [ RunTime:0.010001s ]
INFO: [ view_filter ] --START--
INFO: Run Behavior\WriteHtmlCacheBehavior [ RunTime:0.000000s ]
INFO: [ view_filter ] --END-- [ RunTime:0.001000s ]
INFO: [ app_end ] --START--
INFO: Run Behavior\ShowPageTraceBehavior [ RunTime:0.001000s ]
INFO: [ app_end ] --END-- [ RunTime:0.001000s ]

[ 2016-10-31T14:30:32+08:00 ] ::1 /index.php/Wap/Index/index.html
INFO: [ app_init ] --START--
INFO: Run Behavior\BuildLiteBehavior [ RunTime:0.000000s ]
INFO: [ app_init ] --END-- [ RunTime:0.001000s ]
INFO: [ app_begin ] --START--
INFO: Run Behavior\ReadHtmlCacheBehavior [ RunTime:0.001000s ]
INFO: [ app_begin ] --END-- [ RunTime:0.001000s ]
INFO: [ view_parse ] --START--
INFO: [ template_filter ] --START--
INFO: Run Behavior\ContentReplaceBehavior [ RunTime:0.000000s ]
INFO: [ template_filter ] --END-- [ RunTime:0.000000s ]
INFO: Run Behavior\ParseTemplateBehavior [ RunTime:0.009001s ]
INFO: [ view_parse ] --END-- [ RunTime:0.009001s ]
INFO: [ view_filter ] --START--
INFO: Run Behavior\WriteHtmlCacheBehavior [ RunTime:0.001000s ]
INFO: [ view_filter ] --END-- [ RunTime:0.001000s ]
INFO: [ app_end ] --START--
INFO: Run Behavior\ShowPageTraceBehavior [ RunTime:0.001000s ]
INFO: [ app_end ] --END-- [ RunTime:0.001000s ]

[ 2016-10-31T14:30:32+08:00 ] ::1 /index.php/Wap/Index/index.html
INFO: [ app_init ] --START--
INFO: Run Behavior\BuildLiteBehavior [ RunTime:0.000000s ]
INFO: [ app_init ] --END-- [ RunTime:0.001000s ]
INFO: [ app_begin ] --START--
INFO: Run Behavior\ReadHtmlCacheBehavior [ RunTime:0.001000s ]
INFO: [ app_begin ] --END-- [ RunTime:0.002000s ]
INFO: [ view_parse ] --START--
INFO: [ template_filter ] --START--
INFO: Run Behavior\ContentReplaceBehavior [ RunTime:0.001000s ]
INFO: [ template_filter ] --END-- [ RunTime:0.001000s ]
INFO: Run Behavior\ParseTemplateBehavior [ RunTime:0.014001s ]
INFO: [ view_parse ] --END-- [ RunTime:0.014001s ]
INFO: [ view_filter ] --START--
INFO: Run Behavior\WriteHtmlCacheBehavior [ RunTime:0.001000s ]
INFO: [ view_filter ] --END-- [ RunTime:0.001000s ]
INFO: [ app_end ] --START--
INFO: Run Behavior\ShowPageTraceBehavior [ RunTime:0.001000s ]
INFO: [ app_end ] --END-- [ RunTime:0.001000s ]

[ 2016-10-31T14:30:32+08:00 ] ::1 /index.php/Wap/Index/index.html
INFO: [ app_init ] --START--
INFO: Run Behavior\BuildLiteBehavior [ RunTime:0.000000s ]
INFO: [ app_init ] --END-- [ RunTime:0.000000s ]
INFO: [ app_begin ] --START--
INFO: Run Behavior\ReadHtmlCacheBehavior [ RunTime:0.001000s ]
INFO: [ app_begin ] --END-- [ RunTime:0.002000s ]
INFO: [ view_parse ] --START--
INFO: [ template_filter ] --START--
INFO: Run Behavior\ContentReplaceBehavior [ RunTime:0.000000s ]
INFO: [ template_filter ] --END-- [ RunTime:0.000000s ]
INFO: Run Behavior\ParseTemplateBehavior [ RunTime:0.008000s ]
INFO: [ view_parse ] --END-- [ RunTime:0.010001s ]
INFO: [ view_filter ] --START--
INFO: Run Behavior\WriteHtmlCacheBehavior [ RunTime:0.000000s ]
INFO: [ view_filter ] --END-- [ RunTime:0.000000s ]
INFO: [ app_end ] --START--
INFO: Run Behavior\ShowPageTraceBehavior [ RunTime:0.000000s ]
INFO: [ app_end ] --END-- [ RunTime:0.001000s ]

[ 2016-10-31T14:30:44+08:00 ] ::1 /index.php/Wap/Index/index.html
INFO: [ app_init ] --START--
INFO: Run Behavior\BuildLiteBehavior [ RunTime:0.000000s ]
INFO: [ app_init ] --END-- [ RunTime:0.000000s ]
INFO: [ app_begin ] --START--
INFO: Run Behavior\ReadHtmlCacheBehavior [ RunTime:0.000000s ]
INFO: [ app_begin ] --END-- [ RunTime:0.001000s ]
NOTIC: [8] Undefined index: echostr D:\project\wamp\www\ceshi\App\Wap\Controller\IndexController.class.php 第 8 行.
NOTIC: [8] Undefined index: signature D:\project\wamp\www\ceshi\App\Wap\Controller\IndexController.class.php 第 9 行.
NOTIC: [8] Undefined index: timestamp D:\project\wamp\www\ceshi\App\Wap\Controller\IndexController.class.php 第 10 行.
NOTIC: [8] Undefined index: nonce D:\project\wamp\www\ceshi\App\Wap\Controller\IndexController.class.php 第 11 行.
INFO: [ app_end ] --START--
INFO: Run Behavior\ShowPageTraceBehavior [ RunTime:0.001001s ]
INFO: [ app_end ] --END-- [ RunTime:0.001001s ]

[ 2016-10-31T14:31:06+08:00 ] 192.168.0.33 /index.php/Wap/Index/index.html
INFO: [ app_init ] --START--
INFO: Run Behavior\BuildLiteBehavior [ RunTime:0.001000s ]
INFO: [ app_init ] --END-- [ RunTime:0.001000s ]
INFO: [ app_begin ] --START--
INFO: Run Behavior\ReadHtmlCacheBehavior [ RunTime:0.001000s ]
INFO: [ app_begin ] --END-- [ RunTime:0.002000s ]
NOTIC: [8] Undefined index: echostr D:\project\wamp\www\ceshi\App\Wap\Controller\IndexController.class.php 第 8 行.
NOTIC: [8] Undefined index: signature D:\project\wamp\www\ceshi\App\Wap\Controller\IndexController.class.php 第 9 行.
NOTIC: [8] Undefined index: timestamp D:\project\wamp\www\ceshi\App\Wap\Controller\IndexController.class.php 第 10 行.
NOTIC: [8] Undefined index: nonce D:\project\wamp\www\ceshi\App\Wap\Controller\IndexController.class.php 第 11 行.
INFO: [ app_end ] --START--
INFO: Run Behavior\ShowPageTraceBehavior [ RunTime:0.001000s ]
INFO: [ app_end ] --END-- [ RunTime:0.001000s ]

[ 2016-10-31T15:15:27+08:00 ] 127.0.0.1 /wap/
INFO: [ app_init ] --START--
INFO: Run Behavior\BuildLiteBehavior [ RunTime:0.000000s ]
INFO: [ app_init ] --END-- [ RunTime:0.001000s ]
INFO: [ app_begin ] --START--
INFO: Run Behavior\ReadHtmlCacheBehavior [ RunTime:0.001000s ]
INFO: [ app_begin ] --END-- [ RunTime:0.001000s ]
NOTIC: [8] Undefined index: echostr D:\project\wamp\www\ceshi\App\Wap\Controller\IndexController.class.php 第 7 行.
NOTIC: [8] Undefined index: signature D:\project\wamp\www\ceshi\App\Wap\Controller\IndexController.class.php 第 8 行.
NOTIC: [8] Undefined index: timestamp D:\project\wamp\www\ceshi\App\Wap\Controller\IndexController.class.php 第 9 行.
NOTIC: [8] Undefined index: nonce D:\project\wamp\www\ceshi\App\Wap\Controller\IndexController.class.php 第 10 行.
INFO: [ view_parse ] --START--
INFO: [ template_filter ] --START--
INFO: Run Behavior\ContentReplaceBehavior [ RunTime:0.001000s ]
INFO: [ template_filter ] --END-- [ RunTime:0.002000s ]
INFO: Run Behavior\ParseTemplateBehavior [ RunTime:0.014001s ]
INFO: [ view_parse ] --END-- [ RunTime:0.014001s ]
INFO: [ view_filter ] --START--
INFO: Run Behavior\WriteHtmlCacheBehavior [ RunTime:0.001000s ]
INFO: [ view_filter ] --END-- [ RunTime:0.002000s ]
INFO: [ app_end ] --START--
INFO: Run Behavior\ShowPageTraceBehavior [ RunTime:0.001000s ]
INFO: [ app_end ] --END-- [ RunTime:0.001000s ]

[ 2016-10-31T15:16:39+08:00 ] 127.0.0.1 /wap/
INFO: [ app_init ] --START--
INFO: Run Behavior\BuildLiteBehavior [ RunTime:0.000000s ]
INFO: [ app_init ] --END-- [ RunTime:0.003000s ]
INFO: [ app_begin ] --START--
INFO: Run Behavior\ReadHtmlCacheBehavior [ RunTime:0.002000s ]
INFO: [ app_begin ] --END-- [ RunTime:0.002000s ]
NOTIC: [8] Undefined index: echostr D:\project\wamp\www\ceshi\App\Wap\Controller\IndexController.class.php 第 7 行.
NOTIC: [8] Undefined index: signature D:\project\wamp\www\ceshi\App\Wap\Controller\IndexController.class.php 第 8 行.
NOTIC: [8] Undefined index: timestamp D:\project\wamp\www\ceshi\App\Wap\Controller\IndexController.class.php 第 9 行.
NOTIC: [8] Undefined index: nonce D:\project\wamp\www\ceshi\App\Wap\Controller\IndexController.class.php 第 10 行.
INFO: [ view_parse ] --START--
INFO: [ template_filter ] --START--
INFO: Run Behavior\ContentReplaceBehavior [ RunTime:0.001000s ]
INFO: [ template_filter ] --END-- [ RunTime:0.002000s ]
INFO: Run Behavior\ParseTemplateBehavior [ RunTime:0.013001s ]
INFO: [ view_parse ] --END-- [ RunTime:0.013001s ]
INFO: [ view_filter ] --START--
INFO: Run Behavior\WriteHtmlCacheBehavior [ RunTime:0.001000s ]
INFO: [ view_filter ] --END-- [ RunTime:0.001000s ]
INFO: [ app_end ] --START--
INFO: Run Behavior\ShowPageTraceBehavior [ RunTime:0.001000s ]
INFO: [ app_end ] --END-- [ RunTime:0.001000s ]

[ 2016-10-31T15:16:40+08:00 ] 127.0.0.1 /wap/
INFO: [ app_init ] --START--
INFO: Run Behavior\BuildLiteBehavior [ RunTime:0.000000s ]
INFO: [ app_init ] --END-- [ RunTime:0.000000s ]
INFO: [ app_begin ] --START--
INFO: Run Behavior\ReadHtmlCacheBehavior [ RunTime:0.001000s ]
INFO: [ app_begin ] --END-- [ RunTime:0.001000s ]
NOTIC: [8] Undefined index: echostr D:\project\wamp\www\ceshi\App\Wap\Controller\IndexController.class.php 第 7 行.
NOTIC: [8] Undefined index: signature D:\project\wamp\www\ceshi\App\Wap\Controller\IndexController.class.php 第 8 行.
NOTIC: [8] Undefined index: timestamp D:\project\wamp\www\ceshi\App\Wap\Controller\IndexController.class.php 第 9 行.
NOTIC: [8] Undefined index: nonce D:\project\wamp\www\ceshi\App\Wap\Controller\IndexController.class.php 第 10 行.
INFO: [ view_parse ] --START--
INFO: [ template_filter ] --START--
INFO: Run Behavior\ContentReplaceBehavior [ RunTime:0.000000s ]
INFO: [ template_filter ] --END-- [ RunTime:0.000000s ]
INFO: Run Behavior\ParseTemplateBehavior [ RunTime:0.008000s ]
INFO: [ view_parse ] --END-- [ RunTime:0.009000s ]
INFO: [ view_filter ] --START--
INFO: Run Behavior\WriteHtmlCacheBehavior [ RunTime:0.001000s ]
INFO: [ view_filter ] --END-- [ RunTime:0.001000s ]
INFO: [ app_end ] --START--
INFO: Run Behavior\ShowPageTraceBehavior [ RunTime:0.001001s ]
INFO: [ app_end ] --END-- [ RunTime:0.001001s ]

[ 2016-10-31T15:16:49+08:00 ] 127.0.0.1 /Wap/Index/index
INFO: [ app_init ] --START--
INFO: Run Behavior\BuildLiteBehavior [ RunTime:0.001000s ]
INFO: [ app_init ] --END-- [ RunTime:0.001000s ]
INFO: [ app_begin ] --START--
INFO: Run Behavior\ReadHtmlCacheBehavior [ RunTime:0.001000s ]
INFO: [ app_begin ] --END-- [ RunTime:0.001000s ]
NOTIC: [8] Undefined index: echostr D:\project\wamp\www\ceshi\App\Wap\Controller\IndexController.class.php 第 7 行.
NOTIC: [8] Undefined index: signature D:\project\wamp\www\ceshi\App\Wap\Controller\IndexController.class.php 第 8 行.
NOTIC: [8] Undefined index: timestamp D:\project\wamp\www\ceshi\App\Wap\Controller\IndexController.class.php 第 9 行.
NOTIC: [8] Undefined index: nonce D:\project\wamp\www\ceshi\App\Wap\Controller\IndexController.class.php 第 10 行.
INFO: [ view_parse ] --START--
INFO: [ template_filter ] --START--
INFO: Run Behavior\ContentReplaceBehavior [ RunTime:0.001000s ]
INFO: [ template_filter ] --END-- [ RunTime:0.001000s ]
INFO: Run Behavior\ParseTemplateBehavior [ RunTime:0.009000s ]
INFO: [ view_parse ] --END-- [ RunTime:0.010000s ]
INFO: [ view_filter ] --START--
INFO: Run Behavior\WriteHtmlCacheBehavior [ RunTime:0.001000s ]
INFO: [ view_filter ] --END-- [ RunTime:0.001000s ]
INFO: [ app_end ] --START--
INFO: Run Behavior\ShowPageTraceBehavior [ RunTime:0.001000s ]
INFO: [ app_end ] --END-- [ RunTime:0.001000s ]

[ 2016-10-31T15:16:50+08:00 ] 127.0.0.1 /Wap/Index/index
INFO: [ app_init ] --START--
INFO: Run Behavior\BuildLiteBehavior [ RunTime:0.000000s ]
INFO: [ app_init ] --END-- [ RunTime:0.001000s ]
INFO: [ app_begin ] --START--
INFO: Run Behavior\ReadHtmlCacheBehavior [ RunTime:0.001000s ]
INFO: [ app_begin ] --END-- [ RunTime:0.001000s ]
NOTIC: [8] Undefined index: echostr D:\project\wamp\www\ceshi\App\Wap\Controller\IndexController.class.php 第 7 行.
NOTIC: [8] Undefined index: signature D:\project\wamp\www\ceshi\App\Wap\Controller\IndexController.class.php 第 8 行.
NOTIC: [8] Undefined index: timestamp D:\project\wamp\www\ceshi\App\Wap\Controller\IndexController.class.php 第 9 行.
NOTIC: [8] Undefined index: nonce D:\project\wamp\www\ceshi\App\Wap\Controller\IndexController.class.php 第 10 行.
INFO: [ view_parse ] --START--
INFO: [ template_filter ] --START--
INFO: Run Behavior\ContentReplaceBehavior [ RunTime:0.000000s ]
INFO: [ template_filter ] --END-- [ RunTime:0.000000s ]
INFO: Run Behavior\ParseTemplateBehavior [ RunTime:0.008000s ]
INFO: [ view_parse ] --END-- [ RunTime:0.009000s ]
INFO: [ view_filter ] --START--
INFO: Run Behavior\WriteHtmlCacheBehavior [ RunTime:0.000000s ]
INFO: [ view_filter ] --END-- [ RunTime:0.001000s ]
INFO: [ app_end ] --START--
INFO: Run Behavior\ShowPageTraceBehavior [ RunTime:0.001000s ]
INFO: [ app_end ] --END-- [ RunTime:0.001000s ]

[ 2016-10-31T15:18:44+08:00 ] 127.0.0.1 /Wap/Index/index
INFO: [ app_init ] --START--
INFO: Run Behavior\BuildLiteBehavior [ RunTime:0.000000s ]
INFO: [ app_init ] --END-- [ RunTime:0.001000s ]
INFO: [ app_begin ] --START--
INFO: Run Behavior\ReadHtmlCacheBehavior [ RunTime:0.001000s ]
INFO: [ app_begin ] --END-- [ RunTime:0.001000s ]

